2025-05-30 16:03:46 EEST LOG:  database system was shut down at 2025-05-30 16:03:08 EEST
2025-05-30 16:08:46 EEST LOG:  checkpoint starting: time
2025-05-30 16:08:46 EEST LOG:  checkpoint complete: wrote 3 buffers (0.0%); 0 WAL file(s) added, 0 removed, 0 recycled; write=0.006 s, sync=0.005 s, total=0.028 s; sync files=2, longest=0.003 s, average=0.003 s; distance=0 kB, estimate=0 kB; lsn=0/1AD86C0, redo lsn=0/1AD8668
2025-05-31 14:32:20 EEST WARNING:  database "postgres" has a collation version mismatch
2025-05-31 14:32:20 EEST DETAIL:  The database was created using collation version 1540.3,1540.3, but the operating system provides version 1541.2,1541.2.
2025-05-31 14:32:20 EEST HINT:  Rebuild all objects in this database that use the default collation and run ALTER DATABASE postgres REFRESH COLLATION VERSION, or build PostgreSQL with the right library version.
2025-05-31 14:32:21 EEST WARNING:  database "DoMusic" has a collation version mismatch
2025-05-31 14:32:21 EEST DETAIL:  The database was created using collation version 1540.3,1540.3, but the operating system provides version 1541.2,1541.2.
2025-05-31 14:32:21 EEST HINT:  Rebuild all objects in this database that use the default collation and run ALTER DATABASE "DoMusic" REFRESH COLLATION VERSION, or build PostgreSQL with the right library version.
2025-05-31 14:32:21 EEST WARNING:  database "DoMusic" has a collation version mismatch
2025-05-31 14:32:21 EEST DETAIL:  The database was created using collation version 1540.3,1540.3, but the operating system provides version 1541.2,1541.2.
2025-05-31 14:32:21 EEST HINT:  Rebuild all objects in this database that use the default collation and run ALTER DATABASE "DoMusic" REFRESH COLLATION VERSION, or build PostgreSQL with the right library version.
2025-05-31 14:32:28 EEST WARNING:  database "postgres" has a collation version mismatch
2025-05-31 14:32:28 EEST DETAIL:  The database was created using collation version 1540.3,1540.3, but the operating system provides version 1541.2,1541.2.
2025-05-31 14:32:28 EEST HINT:  Rebuild all objects in this database that use the default collation and run ALTER DATABASE postgres REFRESH COLLATION VERSION, or build PostgreSQL with the right library version.
2025-05-31 14:32:34 EEST WARNING:  database "DoMusic" has a collation version mismatch
2025-05-31 14:32:34 EEST DETAIL:  The database was created using collation version 1540.3,1540.3, but the operating system provides version 1541.2,1541.2.
2025-05-31 14:32:34 EEST HINT:  Rebuild all objects in this database that use the default collation and run ALTER DATABASE "DoMusic" REFRESH COLLATION VERSION, or build PostgreSQL with the right library version.
2025-05-31 14:32:58 EEST WARNING:  database "postgres" has a collation version mismatch
2025-05-31 14:32:58 EEST DETAIL:  The database was created using collation version 1540.3,1540.3, but the operating system provides version 1541.2,1541.2.
2025-05-31 14:32:58 EEST HINT:  Rebuild all objects in this database that use the default collation and run ALTER DATABASE postgres REFRESH COLLATION VERSION, or build PostgreSQL with the right library version.
2025-05-31 14:33:28 EEST WARNING:  database "DoMusic" has a collation version mismatch
2025-05-31 14:33:28 EEST DETAIL:  The database was created using collation version 1540.3,1540.3, but the operating system provides version 1541.2,1541.2.
2025-05-31 14:33:28 EEST HINT:  Rebuild all objects in this database that use the default collation and run ALTER DATABASE "DoMusic" REFRESH COLLATION VERSION, or build PostgreSQL with the right library version.
2025-05-31 14:33:58 EEST WARNING:  database "postgres" has a collation version mismatch
2025-05-31 14:33:58 EEST DETAIL:  The database was created using collation version 1540.3,1540.3, but the operating system provides version 1541.2,1541.2.
2025-05-31 14:33:58 EEST HINT:  Rebuild all objects in this database that use the default collation and run ALTER DATABASE postgres REFRESH COLLATION VERSION, or build PostgreSQL with the right library version.
2025-05-31 14:34:28 EEST WARNING:  database "DoMusic" has a collation version mismatch
2025-05-31 14:34:28 EEST DETAIL:  The database was created using collation version 1540.3,1540.3, but the operating system provides version 1541.2,1541.2.
2025-05-31 14:34:28 EEST HINT:  Rebuild all objects in this database that use the default collation and run ALTER DATABASE "DoMusic" REFRESH COLLATION VERSION, or build PostgreSQL with the right library version.
2025-05-31 14:34:58 EEST WARNING:  database "postgres" has a collation version mismatch
2025-05-31 14:34:58 EEST DETAIL:  The database was created using collation version 1540.3,1540.3, but the operating system provides version 1541.2,1541.2.
2025-05-31 14:34:58 EEST HINT:  Rebuild all objects in this database that use the default collation and run ALTER DATABASE postgres REFRESH COLLATION VERSION, or build PostgreSQL with the right library version.
2025-05-31 14:35:28 EEST WARNING:  database "DoMusic" has a collation version mismatch
2025-05-31 14:35:28 EEST DETAIL:  The database was created using collation version 1540.3,1540.3, but the operating system provides version 1541.2,1541.2.
2025-05-31 14:35:28 EEST HINT:  Rebuild all objects in this database that use the default collation and run ALTER DATABASE "DoMusic" REFRESH COLLATION VERSION, or build PostgreSQL with the right library version.
2025-05-31 14:35:38 EEST WARNING:  database "DoMusic" has a collation version mismatch
2025-05-31 14:35:38 EEST DETAIL:  The database was created using collation version 1540.3,1540.3, but the operating system provides version 1541.2,1541.2.
2025-05-31 14:35:38 EEST HINT:  Rebuild all objects in this database that use the default collation and run ALTER DATABASE "DoMusic" REFRESH COLLATION VERSION, or build PostgreSQL with the right library version.
2025-05-31 14:35:58 EEST WARNING:  database "postgres" has a collation version mismatch
2025-05-31 14:35:58 EEST DETAIL:  The database was created using collation version 1540.3,1540.3, but the operating system provides version 1541.2,1541.2.
2025-05-31 14:35:58 EEST HINT:  Rebuild all objects in this database that use the default collation and run ALTER DATABASE postgres REFRESH COLLATION VERSION, or build PostgreSQL with the right library version.
2025-05-31 14:36:28 EEST WARNING:  database "DoMusic" has a collation version mismatch
2025-05-31 14:36:28 EEST DETAIL:  The database was created using collation version 1540.3,1540.3, but the operating system provides version 1541.2,1541.2.
2025-05-31 14:36:28 EEST HINT:  Rebuild all objects in this database that use the default collation and run ALTER DATABASE "DoMusic" REFRESH COLLATION VERSION, or build PostgreSQL with the right library version.
2025-05-31 14:36:58 EEST WARNING:  database "postgres" has a collation version mismatch
2025-05-31 14:36:58 EEST DETAIL:  The database was created using collation version 1540.3,1540.3, but the operating system provides version 1541.2,1541.2.
2025-05-31 14:36:58 EEST HINT:  Rebuild all objects in this database that use the default collation and run ALTER DATABASE postgres REFRESH COLLATION VERSION, or build PostgreSQL with the right library version.
2025-05-31 14:37:28 EEST WARNING:  database "DoMusic" has a collation version mismatch
2025-05-31 14:37:28 EEST DETAIL:  The database was created using collation version 1540.3,1540.3, but the operating system provides version 1541.2,1541.2.
2025-05-31 14:37:28 EEST HINT:  Rebuild all objects in this database that use the default collation and run ALTER DATABASE "DoMusic" REFRESH COLLATION VERSION, or build PostgreSQL with the right library version.
2025-05-31 14:37:58 EEST WARNING:  database "postgres" has a collation version mismatch
2025-05-31 14:37:58 EEST DETAIL:  The database was created using collation version 1540.3,1540.3, but the operating system provides version 1541.2,1541.2.
2025-05-31 14:37:58 EEST HINT:  Rebuild all objects in this database that use the default collation and run ALTER DATABASE postgres REFRESH COLLATION VERSION, or build PostgreSQL with the right library version.
2025-05-31 14:38:28 EEST WARNING:  database "DoMusic" has a collation version mismatch
2025-05-31 14:38:28 EEST DETAIL:  The database was created using collation version 1540.3,1540.3, but the operating system provides version 1541.2,1541.2.
2025-05-31 14:38:28 EEST HINT:  Rebuild all objects in this database that use the default collation and run ALTER DATABASE "DoMusic" REFRESH COLLATION VERSION, or build PostgreSQL with the right library version.
2025-05-31 14:38:58 EEST WARNING:  database "postgres" has a collation version mismatch
2025-05-31 14:38:58 EEST DETAIL:  The database was created using collation version 1540.3,1540.3, but the operating system provides version 1541.2,1541.2.
2025-05-31 14:38:58 EEST HINT:  Rebuild all objects in this database that use the default collation and run ALTER DATABASE postgres REFRESH COLLATION VERSION, or build PostgreSQL with the right library version.
2025-05-31 14:39:28 EEST WARNING:  database "DoMusic" has a collation version mismatch
2025-05-31 14:39:28 EEST DETAIL:  The database was created using collation version 1540.3,1540.3, but the operating system provides version 1541.2,1541.2.
2025-05-31 14:39:28 EEST HINT:  Rebuild all objects in this database that use the default collation and run ALTER DATABASE "DoMusic" REFRESH COLLATION VERSION, or build PostgreSQL with the right library version.
2025-05-31 14:39:58 EEST WARNING:  database "postgres" has a collation version mismatch
2025-05-31 14:39:58 EEST DETAIL:  The database was created using collation version 1540.3,1540.3, but the operating system provides version 1541.2,1541.2.
2025-05-31 14:39:58 EEST HINT:  Rebuild all objects in this database that use the default collation and run ALTER DATABASE postgres REFRESH COLLATION VERSION, or build PostgreSQL with the right library version.
2025-05-31 14:40:28 EEST WARNING:  database "DoMusic" has a collation version mismatch
2025-05-31 14:40:28 EEST DETAIL:  The database was created using collation version 1540.3,1540.3, but the operating system provides version 1541.2,1541.2.
2025-05-31 14:40:28 EEST HINT:  Rebuild all objects in this database that use the default collation and run ALTER DATABASE "DoMusic" REFRESH COLLATION VERSION, or build PostgreSQL with the right library version.
2025-05-31 14:40:58 EEST WARNING:  database "postgres" has a collation version mismatch
2025-05-31 14:40:58 EEST DETAIL:  The database was created using collation version 1540.3,1540.3, but the operating system provides version 1541.2,1541.2.
2025-05-31 14:40:58 EEST HINT:  Rebuild all objects in this database that use the default collation and run ALTER DATABASE postgres REFRESH COLLATION VERSION, or build PostgreSQL with the right library version.
2025-05-31 14:41:28 EEST WARNING:  database "DoMusic" has a collation version mismatch
2025-05-31 14:41:28 EEST DETAIL:  The database was created using collation version 1540.3,1540.3, but the operating system provides version 1541.2,1541.2.
2025-05-31 14:41:28 EEST HINT:  Rebuild all objects in this database that use the default collation and run ALTER DATABASE "DoMusic" REFRESH COLLATION VERSION, or build PostgreSQL with the right library version.
2025-05-31 14:41:58 EEST WARNING:  database "postgres" has a collation version mismatch
2025-05-31 14:41:58 EEST DETAIL:  The database was created using collation version 1540.3,1540.3, but the operating system provides version 1541.2,1541.2.
2025-05-31 14:41:58 EEST HINT:  Rebuild all objects in this database that use the default collation and run ALTER DATABASE postgres REFRESH COLLATION VERSION, or build PostgreSQL with the right library version.
2025-05-31 14:42:28 EEST WARNING:  database "DoMusic" has a collation version mismatch
2025-05-31 14:42:28 EEST DETAIL:  The database was created using collation version 1540.3,1540.3, but the operating system provides version 1541.2,1541.2.
2025-05-31 14:42:28 EEST HINT:  Rebuild all objects in this database that use the default collation and run ALTER DATABASE "DoMusic" REFRESH COLLATION VERSION, or build PostgreSQL with the right library version.
2025-05-31 14:42:58 EEST WARNING:  database "postgres" has a collation version mismatch
2025-05-31 14:42:58 EEST DETAIL:  The database was created using collation version 1540.3,1540.3, but the operating system provides version 1541.2,1541.2.
2025-05-31 14:42:58 EEST HINT:  Rebuild all objects in this database that use the default collation and run ALTER DATABASE postgres REFRESH COLLATION VERSION, or build PostgreSQL with the right library version.
2025-05-31 14:43:29 EEST WARNING:  database "DoMusic" has a collation version mismatch
2025-05-31 14:43:29 EEST DETAIL:  The database was created using collation version 1540.3,1540.3, but the operating system provides version 1541.2,1541.2.
2025-05-31 14:43:29 EEST HINT:  Rebuild all objects in this database that use the default collation and run ALTER DATABASE "DoMusic" REFRESH COLLATION VERSION, or build PostgreSQL with the right library version.
2025-05-31 14:43:58 EEST WARNING:  database "postgres" has a collation version mismatch
2025-05-31 14:43:58 EEST DETAIL:  The database was created using collation version 1540.3,1540.3, but the operating system provides version 1541.2,1541.2.
2025-05-31 14:43:58 EEST HINT:  Rebuild all objects in this database that use the default collation and run ALTER DATABASE postgres REFRESH COLLATION VERSION, or build PostgreSQL with the right library version.
2025-05-31 14:44:29 EEST WARNING:  database "DoMusic" has a collation version mismatch
2025-05-31 14:44:29 EEST DETAIL:  The database was created using collation version 1540.3,1540.3, but the operating system provides version 1541.2,1541.2.
2025-05-31 14:44:29 EEST HINT:  Rebuild all objects in this database that use the default collation and run ALTER DATABASE "DoMusic" REFRESH COLLATION VERSION, or build PostgreSQL with the right library version.
2025-05-31 14:44:58 EEST WARNING:  database "postgres" has a collation version mismatch
2025-05-31 14:44:58 EEST DETAIL:  The database was created using collation version 1540.3,1540.3, but the operating system provides version 1541.2,1541.2.
2025-05-31 14:44:58 EEST HINT:  Rebuild all objects in this database that use the default collation and run ALTER DATABASE postgres REFRESH COLLATION VERSION, or build PostgreSQL with the right library version.
2025-05-31 14:45:29 EEST WARNING:  database "DoMusic" has a collation version mismatch
2025-05-31 14:45:29 EEST DETAIL:  The database was created using collation version 1540.3,1540.3, but the operating system provides version 1541.2,1541.2.
2025-05-31 14:45:29 EEST HINT:  Rebuild all objects in this database that use the default collation and run ALTER DATABASE "DoMusic" REFRESH COLLATION VERSION, or build PostgreSQL with the right library version.
2025-05-31 14:45:58 EEST WARNING:  database "postgres" has a collation version mismatch
2025-05-31 14:45:58 EEST DETAIL:  The database was created using collation version 1540.3,1540.3, but the operating system provides version 1541.2,1541.2.
2025-05-31 14:45:58 EEST HINT:  Rebuild all objects in this database that use the default collation and run ALTER DATABASE postgres REFRESH COLLATION VERSION, or build PostgreSQL with the right library version.
2025-05-31 14:46:29 EEST WARNING:  database "DoMusic" has a collation version mismatch
2025-05-31 14:46:29 EEST DETAIL:  The database was created using collation version 1540.3,1540.3, but the operating system provides version 1541.2,1541.2.
2025-05-31 14:46:29 EEST HINT:  Rebuild all objects in this database that use the default collation and run ALTER DATABASE "DoMusic" REFRESH COLLATION VERSION, or build PostgreSQL with the right library version.
2025-05-31 14:46:58 EEST WARNING:  database "postgres" has a collation version mismatch
2025-05-31 14:46:58 EEST DETAIL:  The database was created using collation version 1540.3,1540.3, but the operating system provides version 1541.2,1541.2.
2025-05-31 14:46:58 EEST HINT:  Rebuild all objects in this database that use the default collation and run ALTER DATABASE postgres REFRESH COLLATION VERSION, or build PostgreSQL with the right library version.
2025-05-31 14:47:29 EEST WARNING:  database "DoMusic" has a collation version mismatch
2025-05-31 14:47:29 EEST DETAIL:  The database was created using collation version 1540.3,1540.3, but the operating system provides version 1541.2,1541.2.
2025-05-31 14:47:29 EEST HINT:  Rebuild all objects in this database that use the default collation and run ALTER DATABASE "DoMusic" REFRESH COLLATION VERSION, or build PostgreSQL with the right library version.
2025-05-31 14:47:58 EEST WARNING:  database "postgres" has a collation version mismatch
2025-05-31 14:47:58 EEST DETAIL:  The database was created using collation version 1540.3,1540.3, but the operating system provides version 1541.2,1541.2.
2025-05-31 14:47:58 EEST HINT:  Rebuild all objects in this database that use the default collation and run ALTER DATABASE postgres REFRESH COLLATION VERSION, or build PostgreSQL with the right library version.
2025-05-31 14:48:29 EEST WARNING:  database "DoMusic" has a collation version mismatch
2025-05-31 14:48:29 EEST DETAIL:  The database was created using collation version 1540.3,1540.3, but the operating system provides version 1541.2,1541.2.
2025-05-31 14:48:29 EEST HINT:  Rebuild all objects in this database that use the default collation and run ALTER DATABASE "DoMusic" REFRESH COLLATION VERSION, or build PostgreSQL with the right library version.
2025-05-31 14:48:58 EEST WARNING:  database "postgres" has a collation version mismatch
2025-05-31 14:48:58 EEST DETAIL:  The database was created using collation version 1540.3,1540.3, but the operating system provides version 1541.2,1541.2.
2025-05-31 14:48:58 EEST HINT:  Rebuild all objects in this database that use the default collation and run ALTER DATABASE postgres REFRESH COLLATION VERSION, or build PostgreSQL with the right library version.
2025-05-31 14:49:29 EEST WARNING:  database "DoMusic" has a collation version mismatch
2025-05-31 14:49:29 EEST DETAIL:  The database was created using collation version 1540.3,1540.3, but the operating system provides version 1541.2,1541.2.
2025-05-31 14:49:29 EEST HINT:  Rebuild all objects in this database that use the default collation and run ALTER DATABASE "DoMusic" REFRESH COLLATION VERSION, or build PostgreSQL with the right library version.
2025-05-31 14:49:58 EEST WARNING:  database "postgres" has a collation version mismatch
2025-05-31 14:49:58 EEST DETAIL:  The database was created using collation version 1540.3,1540.3, but the operating system provides version 1541.2,1541.2.
2025-05-31 14:49:58 EEST HINT:  Rebuild all objects in this database that use the default collation and run ALTER DATABASE postgres REFRESH COLLATION VERSION, or build PostgreSQL with the right library version.
2025-05-31 14:50:29 EEST WARNING:  database "DoMusic" has a collation version mismatch
2025-05-31 14:50:29 EEST DETAIL:  The database was created using collation version 1540.3,1540.3, but the operating system provides version 1541.2,1541.2.
2025-05-31 14:50:29 EEST HINT:  Rebuild all objects in this database that use the default collation and run ALTER DATABASE "DoMusic" REFRESH COLLATION VERSION, or build PostgreSQL with the right library version.
2025-05-31 14:50:58 EEST WARNING:  database "postgres" has a collation version mismatch
2025-05-31 14:50:58 EEST DETAIL:  The database was created using collation version 1540.3,1540.3, but the operating system provides version 1541.2,1541.2.
2025-05-31 14:50:58 EEST HINT:  Rebuild all objects in this database that use the default collation and run ALTER DATABASE postgres REFRESH COLLATION VERSION, or build PostgreSQL with the right library version.
2025-05-31 14:51:29 EEST WARNING:  database "DoMusic" has a collation version mismatch
2025-05-31 14:51:29 EEST DETAIL:  The database was created using collation version 1540.3,1540.3, but the operating system provides version 1541.2,1541.2.
2025-05-31 14:51:29 EEST HINT:  Rebuild all objects in this database that use the default collation and run ALTER DATABASE "DoMusic" REFRESH COLLATION VERSION, or build PostgreSQL with the right library version.
2025-05-31 14:51:58 EEST WARNING:  database "postgres" has a collation version mismatch
2025-05-31 14:51:58 EEST DETAIL:  The database was created using collation version 1540.3,1540.3, but the operating system provides version 1541.2,1541.2.
2025-05-31 14:51:58 EEST HINT:  Rebuild all objects in this database that use the default collation and run ALTER DATABASE postgres REFRESH COLLATION VERSION, or build PostgreSQL with the right library version.
2025-05-31 14:52:29 EEST WARNING:  database "DoMusic" has a collation version mismatch
2025-05-31 14:52:29 EEST DETAIL:  The database was created using collation version 1540.3,1540.3, but the operating system provides version 1541.2,1541.2.
2025-05-31 14:52:29 EEST HINT:  Rebuild all objects in this database that use the default collation and run ALTER DATABASE "DoMusic" REFRESH COLLATION VERSION, or build PostgreSQL with the right library version.
2025-05-31 14:52:59 EEST WARNING:  database "postgres" has a collation version mismatch
2025-05-31 14:52:59 EEST DETAIL:  The database was created using collation version 1540.3,1540.3, but the operating system provides version 1541.2,1541.2.
2025-05-31 14:52:59 EEST HINT:  Rebuild all objects in this database that use the default collation and run ALTER DATABASE postgres REFRESH COLLATION VERSION, or build PostgreSQL with the right library version.
2025-05-31 14:53:29 EEST WARNING:  database "DoMusic" has a collation version mismatch
2025-05-31 14:53:29 EEST DETAIL:  The database was created using collation version 1540.3,1540.3, but the operating system provides version 1541.2,1541.2.
2025-05-31 14:53:29 EEST HINT:  Rebuild all objects in this database that use the default collation and run ALTER DATABASE "DoMusic" REFRESH COLLATION VERSION, or build PostgreSQL with the right library version.
2025-05-31 14:53:59 EEST WARNING:  database "postgres" has a collation version mismatch
2025-05-31 14:53:59 EEST DETAIL:  The database was created using collation version 1540.3,1540.3, but the operating system provides version 1541.2,1541.2.
2025-05-31 14:53:59 EEST HINT:  Rebuild all objects in this database that use the default collation and run ALTER DATABASE postgres REFRESH COLLATION VERSION, or build PostgreSQL with the right library version.
2025-05-31 14:54:29 EEST WARNING:  database "DoMusic" has a collation version mismatch
2025-05-31 14:54:29 EEST DETAIL:  The database was created using collation version 1540.3,1540.3, but the operating system provides version 1541.2,1541.2.
2025-05-31 14:54:29 EEST HINT:  Rebuild all objects in this database that use the default collation and run ALTER DATABASE "DoMusic" REFRESH COLLATION VERSION, or build PostgreSQL with the right library version.
2025-05-31 14:54:59 EEST WARNING:  database "postgres" has a collation version mismatch
2025-05-31 14:54:59 EEST DETAIL:  The database was created using collation version 1540.3,1540.3, but the operating system provides version 1541.2,1541.2.
2025-05-31 14:54:59 EEST HINT:  Rebuild all objects in this database that use the default collation and run ALTER DATABASE postgres REFRESH COLLATION VERSION, or build PostgreSQL with the right library version.
2025-05-31 14:55:29 EEST WARNING:  database "DoMusic" has a collation version mismatch
2025-05-31 14:55:29 EEST DETAIL:  The database was created using collation version 1540.3,1540.3, but the operating system provides version 1541.2,1541.2.
2025-05-31 14:55:29 EEST HINT:  Rebuild all objects in this database that use the default collation and run ALTER DATABASE "DoMusic" REFRESH COLLATION VERSION, or build PostgreSQL with the right library version.
2025-05-31 14:55:59 EEST WARNING:  database "postgres" has a collation version mismatch
2025-05-31 14:55:59 EEST DETAIL:  The database was created using collation version 1540.3,1540.3, but the operating system provides version 1541.2,1541.2.
2025-05-31 14:55:59 EEST HINT:  Rebuild all objects in this database that use the default collation and run ALTER DATABASE postgres REFRESH COLLATION VERSION, or build PostgreSQL with the right library version.
2025-05-31 14:56:29 EEST WARNING:  database "DoMusic" has a collation version mismatch
2025-05-31 14:56:29 EEST DETAIL:  The database was created using collation version 1540.3,1540.3, but the operating system provides version 1541.2,1541.2.
2025-05-31 14:56:29 EEST HINT:  Rebuild all objects in this database that use the default collation and run ALTER DATABASE "DoMusic" REFRESH COLLATION VERSION, or build PostgreSQL with the right library version.
2025-05-31 14:56:59 EEST WARNING:  database "postgres" has a collation version mismatch
2025-05-31 14:56:59 EEST DETAIL:  The database was created using collation version 1540.3,1540.3, but the operating system provides version 1541.2,1541.2.
2025-05-31 14:56:59 EEST HINT:  Rebuild all objects in this database that use the default collation and run ALTER DATABASE postgres REFRESH COLLATION VERSION, or build PostgreSQL with the right library version.
2025-05-31 14:57:29 EEST WARNING:  database "DoMusic" has a collation version mismatch
2025-05-31 14:57:29 EEST DETAIL:  The database was created using collation version 1540.3,1540.3, but the operating system provides version 1541.2,1541.2.
2025-05-31 14:57:29 EEST HINT:  Rebuild all objects in this database that use the default collation and run ALTER DATABASE "DoMusic" REFRESH COLLATION VERSION, or build PostgreSQL with the right library version.
2025-05-31 14:57:59 EEST WARNING:  database "postgres" has a collation version mismatch
2025-05-31 14:57:59 EEST DETAIL:  The database was created using collation version 1540.3,1540.3, but the operating system provides version 1541.2,1541.2.
2025-05-31 14:57:59 EEST HINT:  Rebuild all objects in this database that use the default collation and run ALTER DATABASE postgres REFRESH COLLATION VERSION, or build PostgreSQL with the right library version.
2025-05-31 14:58:29 EEST WARNING:  database "DoMusic" has a collation version mismatch
2025-05-31 14:58:29 EEST DETAIL:  The database was created using collation version 1540.3,1540.3, but the operating system provides version 1541.2,1541.2.
2025-05-31 14:58:29 EEST HINT:  Rebuild all objects in this database that use the default collation and run ALTER DATABASE "DoMusic" REFRESH COLLATION VERSION, or build PostgreSQL with the right library version.
2025-05-31 14:58:59 EEST WARNING:  database "postgres" has a collation version mismatch
2025-05-31 14:58:59 EEST DETAIL:  The database was created using collation version 1540.3,1540.3, but the operating system provides version 1541.2,1541.2.
2025-05-31 14:58:59 EEST HINT:  Rebuild all objects in this database that use the default collation and run ALTER DATABASE postgres REFRESH COLLATION VERSION, or build PostgreSQL with the right library version.
2025-05-31 14:59:29 EEST WARNING:  database "DoMusic" has a collation version mismatch
2025-05-31 14:59:29 EEST DETAIL:  The database was created using collation version 1540.3,1540.3, but the operating system provides version 1541.2,1541.2.
2025-05-31 14:59:29 EEST HINT:  Rebuild all objects in this database that use the default collation and run ALTER DATABASE "DoMusic" REFRESH COLLATION VERSION, or build PostgreSQL with the right library version.
2025-05-31 14:59:59 EEST WARNING:  database "postgres" has a collation version mismatch
2025-05-31 14:59:59 EEST DETAIL:  The database was created using collation version 1540.3,1540.3, but the operating system provides version 1541.2,1541.2.
2025-05-31 14:59:59 EEST HINT:  Rebuild all objects in this database that use the default collation and run ALTER DATABASE postgres REFRESH COLLATION VERSION, or build PostgreSQL with the right library version.
2025-05-31 15:00:29 EEST WARNING:  database "DoMusic" has a collation version mismatch
2025-05-31 15:00:29 EEST DETAIL:  The database was created using collation version 1540.3,1540.3, but the operating system provides version 1541.2,1541.2.
2025-05-31 15:00:29 EEST HINT:  Rebuild all objects in this database that use the default collation and run ALTER DATABASE "DoMusic" REFRESH COLLATION VERSION, or build PostgreSQL with the right library version.
2025-05-31 15:00:59 EEST WARNING:  database "postgres" has a collation version mismatch
2025-05-31 15:00:59 EEST DETAIL:  The database was created using collation version 1540.3,1540.3, but the operating system provides version 1541.2,1541.2.
2025-05-31 15:00:59 EEST HINT:  Rebuild all objects in this database that use the default collation and run ALTER DATABASE postgres REFRESH COLLATION VERSION, or build PostgreSQL with the right library version.
2025-05-31 15:01:29 EEST WARNING:  database "DoMusic" has a collation version mismatch
2025-05-31 15:01:29 EEST DETAIL:  The database was created using collation version 1540.3,1540.3, but the operating system provides version 1541.2,1541.2.
2025-05-31 15:01:29 EEST HINT:  Rebuild all objects in this database that use the default collation and run ALTER DATABASE "DoMusic" REFRESH COLLATION VERSION, or build PostgreSQL with the right library version.
2025-05-31 15:01:59 EEST WARNING:  database "postgres" has a collation version mismatch
2025-05-31 15:01:59 EEST DETAIL:  The database was created using collation version 1540.3,1540.3, but the operating system provides version 1541.2,1541.2.
2025-05-31 15:01:59 EEST HINT:  Rebuild all objects in this database that use the default collation and run ALTER DATABASE postgres REFRESH COLLATION VERSION, or build PostgreSQL with the right library version.
2025-05-31 15:02:29 EEST WARNING:  database "DoMusic" has a collation version mismatch
2025-05-31 15:02:29 EEST DETAIL:  The database was created using collation version 1540.3,1540.3, but the operating system provides version 1541.2,1541.2.
2025-05-31 15:02:29 EEST HINT:  Rebuild all objects in this database that use the default collation and run ALTER DATABASE "DoMusic" REFRESH COLLATION VERSION, or build PostgreSQL with the right library version.
2025-05-31 15:02:59 EEST WARNING:  database "postgres" has a collation version mismatch
2025-05-31 15:02:59 EEST DETAIL:  The database was created using collation version 1540.3,1540.3, but the operating system provides version 1541.2,1541.2.
2025-05-31 15:02:59 EEST HINT:  Rebuild all objects in this database that use the default collation and run ALTER DATABASE postgres REFRESH COLLATION VERSION, or build PostgreSQL with the right library version.
2025-05-31 15:03:29 EEST WARNING:  database "DoMusic" has a collation version mismatch
2025-05-31 15:03:29 EEST DETAIL:  The database was created using collation version 1540.3,1540.3, but the operating system provides version 1541.2,1541.2.
2025-05-31 15:03:29 EEST HINT:  Rebuild all objects in this database that use the default collation and run ALTER DATABASE "DoMusic" REFRESH COLLATION VERSION, or build PostgreSQL with the right library version.
2025-05-31 15:03:59 EEST WARNING:  database "postgres" has a collation version mismatch
2025-05-31 15:03:59 EEST DETAIL:  The database was created using collation version 1540.3,1540.3, but the operating system provides version 1541.2,1541.2.
2025-05-31 15:03:59 EEST HINT:  Rebuild all objects in this database that use the default collation and run ALTER DATABASE postgres REFRESH COLLATION VERSION, or build PostgreSQL with the right library version.
2025-05-31 15:04:29 EEST WARNING:  database "DoMusic" has a collation version mismatch
2025-05-31 15:04:29 EEST DETAIL:  The database was created using collation version 1540.3,1540.3, but the operating system provides version 1541.2,1541.2.
2025-05-31 15:04:29 EEST HINT:  Rebuild all objects in this database that use the default collation and run ALTER DATABASE "DoMusic" REFRESH COLLATION VERSION, or build PostgreSQL with the right library version.
2025-05-31 15:04:59 EEST WARNING:  database "postgres" has a collation version mismatch
2025-05-31 15:04:59 EEST DETAIL:  The database was created using collation version 1540.3,1540.3, but the operating system provides version 1541.2,1541.2.
2025-05-31 15:04:59 EEST HINT:  Rebuild all objects in this database that use the default collation and run ALTER DATABASE postgres REFRESH COLLATION VERSION, or build PostgreSQL with the right library version.
2025-05-31 15:05:29 EEST WARNING:  database "DoMusic" has a collation version mismatch
2025-05-31 15:05:29 EEST DETAIL:  The database was created using collation version 1540.3,1540.3, but the operating system provides version 1541.2,1541.2.
2025-05-31 15:05:29 EEST HINT:  Rebuild all objects in this database that use the default collation and run ALTER DATABASE "DoMusic" REFRESH COLLATION VERSION, or build PostgreSQL with the right library version.
2025-05-31 15:05:59 EEST WARNING:  database "postgres" has a collation version mismatch
2025-05-31 15:05:59 EEST DETAIL:  The database was created using collation version 1540.3,1540.3, but the operating system provides version 1541.2,1541.2.
2025-05-31 15:05:59 EEST HINT:  Rebuild all objects in this database that use the default collation and run ALTER DATABASE postgres REFRESH COLLATION VERSION, or build PostgreSQL with the right library version.
2025-05-31 15:06:29 EEST WARNING:  database "DoMusic" has a collation version mismatch
2025-05-31 15:06:29 EEST DETAIL:  The database was created using collation version 1540.3,1540.3, but the operating system provides version 1541.2,1541.2.
2025-05-31 15:06:29 EEST HINT:  Rebuild all objects in this database that use the default collation and run ALTER DATABASE "DoMusic" REFRESH COLLATION VERSION, or build PostgreSQL with the right library version.
2025-05-31 15:06:59 EEST WARNING:  database "postgres" has a collation version mismatch
2025-05-31 15:06:59 EEST DETAIL:  The database was created using collation version 1540.3,1540.3, but the operating system provides version 1541.2,1541.2.
2025-05-31 15:06:59 EEST HINT:  Rebuild all objects in this database that use the default collation and run ALTER DATABASE postgres REFRESH COLLATION VERSION, or build PostgreSQL with the right library version.
2025-05-31 15:07:29 EEST WARNING:  database "DoMusic" has a collation version mismatch
2025-05-31 15:07:29 EEST DETAIL:  The database was created using collation version 1540.3,1540.3, but the operating system provides version 1541.2,1541.2.
2025-05-31 15:07:29 EEST HINT:  Rebuild all objects in this database that use the default collation and run ALTER DATABASE "DoMusic" REFRESH COLLATION VERSION, or build PostgreSQL with the right library version.
2025-05-31 15:07:59 EEST WARNING:  database "postgres" has a collation version mismatch
2025-05-31 15:07:59 EEST DETAIL:  The database was created using collation version 1540.3,1540.3, but the operating system provides version 1541.2,1541.2.
2025-05-31 15:07:59 EEST HINT:  Rebuild all objects in this database that use the default collation and run ALTER DATABASE postgres REFRESH COLLATION VERSION, or build PostgreSQL with the right library version.
2025-05-31 15:08:29 EEST WARNING:  database "DoMusic" has a collation version mismatch
2025-05-31 15:08:29 EEST DETAIL:  The database was created using collation version 1540.3,1540.3, but the operating system provides version 1541.2,1541.2.
2025-05-31 15:08:29 EEST HINT:  Rebuild all objects in this database that use the default collation and run ALTER DATABASE "DoMusic" REFRESH COLLATION VERSION, or build PostgreSQL with the right library version.
2025-05-31 15:08:59 EEST WARNING:  database "postgres" has a collation version mismatch
2025-05-31 15:08:59 EEST DETAIL:  The database was created using collation version 1540.3,1540.3, but the operating system provides version 1541.2,1541.2.
2025-05-31 15:08:59 EEST HINT:  Rebuild all objects in this database that use the default collation and run ALTER DATABASE postgres REFRESH COLLATION VERSION, or build PostgreSQL with the right library version.
2025-05-31 15:09:29 EEST WARNING:  database "DoMusic" has a collation version mismatch
2025-05-31 15:09:29 EEST DETAIL:  The database was created using collation version 1540.3,1540.3, but the operating system provides version 1541.2,1541.2.
2025-05-31 15:09:29 EEST HINT:  Rebuild all objects in this database that use the default collation and run ALTER DATABASE "DoMusic" REFRESH COLLATION VERSION, or build PostgreSQL with the right library version.
2025-05-31 15:09:59 EEST WARNING:  database "postgres" has a collation version mismatch
2025-05-31 15:09:59 EEST DETAIL:  The database was created using collation version 1540.3,1540.3, but the operating system provides version 1541.2,1541.2.
2025-05-31 15:09:59 EEST HINT:  Rebuild all objects in this database that use the default collation and run ALTER DATABASE postgres REFRESH COLLATION VERSION, or build PostgreSQL with the right library version.
2025-05-31 15:10:29 EEST WARNING:  database "DoMusic" has a collation version mismatch
2025-05-31 15:10:29 EEST DETAIL:  The database was created using collation version 1540.3,1540.3, but the operating system provides version 1541.2,1541.2.
2025-05-31 15:10:29 EEST HINT:  Rebuild all objects in this database that use the default collation and run ALTER DATABASE "DoMusic" REFRESH COLLATION VERSION, or build PostgreSQL with the right library version.
2025-05-31 15:10:59 EEST WARNING:  database "postgres" has a collation version mismatch
2025-05-31 15:10:59 EEST DETAIL:  The database was created using collation version 1540.3,1540.3, but the operating system provides version 1541.2,1541.2.
2025-05-31 15:10:59 EEST HINT:  Rebuild all objects in this database that use the default collation and run ALTER DATABASE postgres REFRESH COLLATION VERSION, or build PostgreSQL with the right library version.
2025-05-31 15:11:29 EEST WARNING:  database "DoMusic" has a collation version mismatch
2025-05-31 15:11:29 EEST DETAIL:  The database was created using collation version 1540.3,1540.3, but the operating system provides version 1541.2,1541.2.
2025-05-31 15:11:29 EEST HINT:  Rebuild all objects in this database that use the default collation and run ALTER DATABASE "DoMusic" REFRESH COLLATION VERSION, or build PostgreSQL with the right library version.
2025-05-31 15:11:59 EEST WARNING:  database "postgres" has a collation version mismatch
2025-05-31 15:11:59 EEST DETAIL:  The database was created using collation version 1540.3,1540.3, but the operating system provides version 1541.2,1541.2.
2025-05-31 15:11:59 EEST HINT:  Rebuild all objects in this database that use the default collation and run ALTER DATABASE postgres REFRESH COLLATION VERSION, or build PostgreSQL with the right library version.
2025-05-31 15:12:29 EEST WARNING:  database "DoMusic" has a collation version mismatch
2025-05-31 15:12:29 EEST DETAIL:  The database was created using collation version 1540.3,1540.3, but the operating system provides version 1541.2,1541.2.
2025-05-31 15:12:29 EEST HINT:  Rebuild all objects in this database that use the default collation and run ALTER DATABASE "DoMusic" REFRESH COLLATION VERSION, or build PostgreSQL with the right library version.
2025-05-31 15:12:59 EEST WARNING:  database "postgres" has a collation version mismatch
2025-05-31 15:12:59 EEST DETAIL:  The database was created using collation version 1540.3,1540.3, but the operating system provides version 1541.2,1541.2.
2025-05-31 15:12:59 EEST HINT:  Rebuild all objects in this database that use the default collation and run ALTER DATABASE postgres REFRESH COLLATION VERSION, or build PostgreSQL with the right library version.
2025-05-31 15:13:21 EEST WARNING:  database "DoMusic" has a collation version mismatch
2025-05-31 15:13:21 EEST DETAIL:  The database was created using collation version 1540.3,1540.3, but the operating system provides version 1541.2,1541.2.
2025-05-31 15:13:21 EEST HINT:  Rebuild all objects in this database that use the default collation and run ALTER DATABASE "DoMusic" REFRESH COLLATION VERSION, or build PostgreSQL with the right library version.
2025-05-31 15:13:28 EEST LOG:  checkpoint starting: time
2025-05-31 15:13:28 EEST LOG:  checkpoint complete: wrote 2 buffers (0.0%); 0 WAL file(s) added, 0 removed, 0 recycled; write=0.117 s, sync=0.006 s, total=0.137 s; sync files=2, longest=0.004 s, average=0.003 s; distance=3 kB, estimate=3 kB; lsn=0/1AD93F0, redo lsn=0/1AD9398
2025-05-31 15:13:29 EEST WARNING:  database "DoMusic" has a collation version mismatch
2025-05-31 15:13:29 EEST DETAIL:  The database was created using collation version 1540.3,1540.3, but the operating system provides version 1541.2,1541.2.
2025-05-31 15:13:29 EEST HINT:  Rebuild all objects in this database that use the default collation and run ALTER DATABASE "DoMusic" REFRESH COLLATION VERSION, or build PostgreSQL with the right library version.
2025-05-31 15:13:59 EEST WARNING:  database "postgres" has a collation version mismatch
2025-05-31 15:13:59 EEST DETAIL:  The database was created using collation version 1540.3,1540.3, but the operating system provides version 1541.2,1541.2.
2025-05-31 15:13:59 EEST HINT:  Rebuild all objects in this database that use the default collation and run ALTER DATABASE postgres REFRESH COLLATION VERSION, or build PostgreSQL with the right library version.
2025-05-31 15:14:29 EEST WARNING:  database "DoMusic" has a collation version mismatch
2025-05-31 15:14:29 EEST DETAIL:  The database was created using collation version 1540.3,1540.3, but the operating system provides version 1541.2,1541.2.
2025-05-31 15:14:29 EEST HINT:  Rebuild all objects in this database that use the default collation and run ALTER DATABASE "DoMusic" REFRESH COLLATION VERSION, or build PostgreSQL with the right library version.
2025-05-31 15:14:59 EEST WARNING:  database "postgres" has a collation version mismatch
2025-05-31 15:14:59 EEST DETAIL:  The database was created using collation version 1540.3,1540.3, but the operating system provides version 1541.2,1541.2.
2025-05-31 15:14:59 EEST HINT:  Rebuild all objects in this database that use the default collation and run ALTER DATABASE postgres REFRESH COLLATION VERSION, or build PostgreSQL with the right library version.
2025-05-31 15:15:29 EEST WARNING:  database "DoMusic" has a collation version mismatch
2025-05-31 15:15:29 EEST DETAIL:  The database was created using collation version 1540.3,1540.3, but the operating system provides version 1541.2,1541.2.
2025-05-31 15:15:29 EEST HINT:  Rebuild all objects in this database that use the default collation and run ALTER DATABASE "DoMusic" REFRESH COLLATION VERSION, or build PostgreSQL with the right library version.
2025-05-31 15:15:59 EEST WARNING:  database "postgres" has a collation version mismatch
2025-05-31 15:15:59 EEST DETAIL:  The database was created using collation version 1540.3,1540.3, but the operating system provides version 1541.2,1541.2.
2025-05-31 15:15:59 EEST HINT:  Rebuild all objects in this database that use the default collation and run ALTER DATABASE postgres REFRESH COLLATION VERSION, or build PostgreSQL with the right library version.
2025-05-31 15:16:29 EEST WARNING:  database "DoMusic" has a collation version mismatch
2025-05-31 15:16:29 EEST DETAIL:  The database was created using collation version 1540.3,1540.3, but the operating system provides version 1541.2,1541.2.
2025-05-31 15:16:29 EEST HINT:  Rebuild all objects in this database that use the default collation and run ALTER DATABASE "DoMusic" REFRESH COLLATION VERSION, or build PostgreSQL with the right library version.
2025-05-31 15:16:59 EEST WARNING:  database "postgres" has a collation version mismatch
2025-05-31 15:16:59 EEST DETAIL:  The database was created using collation version 1540.3,1540.3, but the operating system provides version 1541.2,1541.2.
2025-05-31 15:16:59 EEST HINT:  Rebuild all objects in this database that use the default collation and run ALTER DATABASE postgres REFRESH COLLATION VERSION, or build PostgreSQL with the right library version.
2025-05-31 16:05:40 EEST WARNING:  database "DoMusic" has a collation version mismatch
2025-05-31 16:05:40 EEST DETAIL:  The database was created using collation version 1540.3,1540.3, but the operating system provides version 1541.2,1541.2.
2025-05-31 16:05:40 EEST HINT:  Rebuild all objects in this database that use the default collation and run ALTER DATABASE "DoMusic" REFRESH COLLATION VERSION, or build PostgreSQL with the right library version.
2025-05-31 16:06:10 EEST WARNING:  database "DoMusic" has a collation version mismatch
2025-05-31 16:06:10 EEST DETAIL:  The database was created using collation version 1540.3,1540.3, but the operating system provides version 1541.2,1541.2.
2025-05-31 16:06:10 EEST HINT:  Rebuild all objects in this database that use the default collation and run ALTER DATABASE "DoMusic" REFRESH COLLATION VERSION, or build PostgreSQL with the right library version.
2025-05-31 16:06:40 EEST WARNING:  database "postgres" has a collation version mismatch
2025-05-31 16:06:40 EEST DETAIL:  The database was created using collation version 1540.3,1540.3, but the operating system provides version 1541.2,1541.2.
2025-05-31 16:06:40 EEST HINT:  Rebuild all objects in this database that use the default collation and run ALTER DATABASE postgres REFRESH COLLATION VERSION, or build PostgreSQL with the right library version.
2025-05-31 16:07:10 EEST WARNING:  database "DoMusic" has a collation version mismatch
2025-05-31 16:07:10 EEST DETAIL:  The database was created using collation version 1540.3,1540.3, but the operating system provides version 1541.2,1541.2.
2025-05-31 16:07:10 EEST HINT:  Rebuild all objects in this database that use the default collation and run ALTER DATABASE "DoMusic" REFRESH COLLATION VERSION, or build PostgreSQL with the right library version.
2025-05-31 16:07:40 EEST WARNING:  database "postgres" has a collation version mismatch
2025-05-31 16:07:40 EEST DETAIL:  The database was created using collation version 1540.3,1540.3, but the operating system provides version 1541.2,1541.2.
2025-05-31 16:07:40 EEST HINT:  Rebuild all objects in this database that use the default collation and run ALTER DATABASE postgres REFRESH COLLATION VERSION, or build PostgreSQL with the right library version.
2025-05-31 16:08:10 EEST WARNING:  database "DoMusic" has a collation version mismatch
2025-05-31 16:08:10 EEST DETAIL:  The database was created using collation version 1540.3,1540.3, but the operating system provides version 1541.2,1541.2.
2025-05-31 16:08:10 EEST HINT:  Rebuild all objects in this database that use the default collation and run ALTER DATABASE "DoMusic" REFRESH COLLATION VERSION, or build PostgreSQL with the right library version.
2025-05-31 16:11:52 EEST WARNING:  database "postgres" has a collation version mismatch
2025-05-31 16:11:52 EEST DETAIL:  The database was created using collation version 1540.3,1540.3, but the operating system provides version 1541.2,1541.2.
2025-05-31 16:11:52 EEST HINT:  Rebuild all objects in this database that use the default collation and run ALTER DATABASE postgres REFRESH COLLATION VERSION, or build PostgreSQL with the right library version.
2025-05-31 16:12:22 EEST WARNING:  database "postgres" has a collation version mismatch
2025-05-31 16:12:22 EEST DETAIL:  The database was created using collation version 1540.3,1540.3, but the operating system provides version 1541.2,1541.2.
2025-05-31 16:12:22 EEST HINT:  Rebuild all objects in this database that use the default collation and run ALTER DATABASE postgres REFRESH COLLATION VERSION, or build PostgreSQL with the right library version.
2025-05-31 16:12:52 EEST WARNING:  database "DoMusic" has a collation version mismatch
2025-05-31 16:12:52 EEST DETAIL:  The database was created using collation version 1540.3,1540.3, but the operating system provides version 1541.2,1541.2.
2025-05-31 16:12:52 EEST HINT:  Rebuild all objects in this database that use the default collation and run ALTER DATABASE "DoMusic" REFRESH COLLATION VERSION, or build PostgreSQL with the right library version.
2025-05-31 16:13:22 EEST WARNING:  database "postgres" has a collation version mismatch
2025-05-31 16:13:22 EEST DETAIL:  The database was created using collation version 1540.3,1540.3, but the operating system provides version 1541.2,1541.2.
2025-05-31 16:13:22 EEST HINT:  Rebuild all objects in this database that use the default collation and run ALTER DATABASE postgres REFRESH COLLATION VERSION, or build PostgreSQL with the right library version.
2025-05-31 16:13:52 EEST WARNING:  database "DoMusic" has a collation version mismatch
2025-05-31 16:13:52 EEST DETAIL:  The database was created using collation version 1540.3,1540.3, but the operating system provides version 1541.2,1541.2.
2025-05-31 16:13:52 EEST HINT:  Rebuild all objects in this database that use the default collation and run ALTER DATABASE "DoMusic" REFRESH COLLATION VERSION, or build PostgreSQL with the right library version.
2025-05-31 16:14:22 EEST WARNING:  database "postgres" has a collation version mismatch
2025-05-31 16:14:22 EEST DETAIL:  The database was created using collation version 1540.3,1540.3, but the operating system provides version 1541.2,1541.2.
2025-05-31 16:14:22 EEST HINT:  Rebuild all objects in this database that use the default collation and run ALTER DATABASE postgres REFRESH COLLATION VERSION, or build PostgreSQL with the right library version.
2025-05-31 16:14:52 EEST WARNING:  database "DoMusic" has a collation version mismatch
2025-05-31 16:14:52 EEST DETAIL:  The database was created using collation version 1540.3,1540.3, but the operating system provides version 1541.2,1541.2.
2025-05-31 16:14:52 EEST HINT:  Rebuild all objects in this database that use the default collation and run ALTER DATABASE "DoMusic" REFRESH COLLATION VERSION, or build PostgreSQL with the right library version.
2025-05-31 16:15:22 EEST WARNING:  database "postgres" has a collation version mismatch
2025-05-31 16:15:22 EEST DETAIL:  The database was created using collation version 1540.3,1540.3, but the operating system provides version 1541.2,1541.2.
2025-05-31 16:15:22 EEST HINT:  Rebuild all objects in this database that use the default collation and run ALTER DATABASE postgres REFRESH COLLATION VERSION, or build PostgreSQL with the right library version.
2025-05-31 16:15:52 EEST WARNING:  database "DoMusic" has a collation version mismatch
2025-05-31 16:15:52 EEST DETAIL:  The database was created using collation version 1540.3,1540.3, but the operating system provides version 1541.2,1541.2.
2025-05-31 16:15:52 EEST HINT:  Rebuild all objects in this database that use the default collation and run ALTER DATABASE "DoMusic" REFRESH COLLATION VERSION, or build PostgreSQL with the right library version.
2025-05-31 16:16:22 EEST WARNING:  database "postgres" has a collation version mismatch
2025-05-31 16:16:22 EEST DETAIL:  The database was created using collation version 1540.3,1540.3, but the operating system provides version 1541.2,1541.2.
2025-05-31 16:16:22 EEST HINT:  Rebuild all objects in this database that use the default collation and run ALTER DATABASE postgres REFRESH COLLATION VERSION, or build PostgreSQL with the right library version.
2025-05-31 16:16:52 EEST WARNING:  database "DoMusic" has a collation version mismatch
2025-05-31 16:16:52 EEST DETAIL:  The database was created using collation version 1540.3,1540.3, but the operating system provides version 1541.2,1541.2.
2025-05-31 16:16:52 EEST HINT:  Rebuild all objects in this database that use the default collation and run ALTER DATABASE "DoMusic" REFRESH COLLATION VERSION, or build PostgreSQL with the right library version.
2025-05-31 16:17:22 EEST WARNING:  database "postgres" has a collation version mismatch
2025-05-31 16:17:22 EEST DETAIL:  The database was created using collation version 1540.3,1540.3, but the operating system provides version 1541.2,1541.2.
2025-05-31 16:17:22 EEST HINT:  Rebuild all objects in this database that use the default collation and run ALTER DATABASE postgres REFRESH COLLATION VERSION, or build PostgreSQL with the right library version.
2025-05-31 16:17:52 EEST WARNING:  database "DoMusic" has a collation version mismatch
2025-05-31 16:17:52 EEST DETAIL:  The database was created using collation version 1540.3,1540.3, but the operating system provides version 1541.2,1541.2.
2025-05-31 16:17:52 EEST HINT:  Rebuild all objects in this database that use the default collation and run ALTER DATABASE "DoMusic" REFRESH COLLATION VERSION, or build PostgreSQL with the right library version.
2025-05-31 16:18:22 EEST WARNING:  database "postgres" has a collation version mismatch
2025-05-31 16:18:22 EEST DETAIL:  The database was created using collation version 1540.3,1540.3, but the operating system provides version 1541.2,1541.2.
2025-05-31 16:18:22 EEST HINT:  Rebuild all objects in this database that use the default collation and run ALTER DATABASE postgres REFRESH COLLATION VERSION, or build PostgreSQL with the right library version.
2025-05-31 16:18:52 EEST WARNING:  database "DoMusic" has a collation version mismatch
2025-05-31 16:18:52 EEST DETAIL:  The database was created using collation version 1540.3,1540.3, but the operating system provides version 1541.2,1541.2.
2025-05-31 16:18:52 EEST HINT:  Rebuild all objects in this database that use the default collation and run ALTER DATABASE "DoMusic" REFRESH COLLATION VERSION, or build PostgreSQL with the right library version.
2025-05-31 16:19:22 EEST WARNING:  database "postgres" has a collation version mismatch
2025-05-31 16:19:22 EEST DETAIL:  The database was created using collation version 1540.3,1540.3, but the operating system provides version 1541.2,1541.2.
2025-05-31 16:19:22 EEST HINT:  Rebuild all objects in this database that use the default collation and run ALTER DATABASE postgres REFRESH COLLATION VERSION, or build PostgreSQL with the right library version.
2025-05-31 16:19:52 EEST WARNING:  database "DoMusic" has a collation version mismatch
2025-05-31 16:19:52 EEST DETAIL:  The database was created using collation version 1540.3,1540.3, but the operating system provides version 1541.2,1541.2.
2025-05-31 16:19:52 EEST HINT:  Rebuild all objects in this database that use the default collation and run ALTER DATABASE "DoMusic" REFRESH COLLATION VERSION, or build PostgreSQL with the right library version.
2025-05-31 16:20:22 EEST WARNING:  database "postgres" has a collation version mismatch
2025-05-31 16:20:22 EEST DETAIL:  The database was created using collation version 1540.3,1540.3, but the operating system provides version 1541.2,1541.2.
2025-05-31 16:20:22 EEST HINT:  Rebuild all objects in this database that use the default collation and run ALTER DATABASE postgres REFRESH COLLATION VERSION, or build PostgreSQL with the right library version.
2025-05-31 16:20:52 EEST WARNING:  database "DoMusic" has a collation version mismatch
2025-05-31 16:20:52 EEST DETAIL:  The database was created using collation version 1540.3,1540.3, but the operating system provides version 1541.2,1541.2.
2025-05-31 16:20:52 EEST HINT:  Rebuild all objects in this database that use the default collation and run ALTER DATABASE "DoMusic" REFRESH COLLATION VERSION, or build PostgreSQL with the right library version.
2025-05-31 16:21:22 EEST WARNING:  database "postgres" has a collation version mismatch
2025-05-31 16:21:22 EEST DETAIL:  The database was created using collation version 1540.3,1540.3, but the operating system provides version 1541.2,1541.2.
2025-05-31 16:21:22 EEST HINT:  Rebuild all objects in this database that use the default collation and run ALTER DATABASE postgres REFRESH COLLATION VERSION, or build PostgreSQL with the right library version.
2025-05-31 16:21:52 EEST WARNING:  database "DoMusic" has a collation version mismatch
2025-05-31 16:21:52 EEST DETAIL:  The database was created using collation version 1540.3,1540.3, but the operating system provides version 1541.2,1541.2.
2025-05-31 16:21:52 EEST HINT:  Rebuild all objects in this database that use the default collation and run ALTER DATABASE "DoMusic" REFRESH COLLATION VERSION, or build PostgreSQL with the right library version.
2025-05-31 16:22:22 EEST WARNING:  database "postgres" has a collation version mismatch
2025-05-31 16:22:22 EEST DETAIL:  The database was created using collation version 1540.3,1540.3, but the operating system provides version 1541.2,1541.2.
2025-05-31 16:22:22 EEST HINT:  Rebuild all objects in this database that use the default collation and run ALTER DATABASE postgres REFRESH COLLATION VERSION, or build PostgreSQL with the right library version.
2025-05-31 16:22:52 EEST WARNING:  database "DoMusic" has a collation version mismatch
2025-05-31 16:22:52 EEST DETAIL:  The database was created using collation version 1540.3,1540.3, but the operating system provides version 1541.2,1541.2.
2025-05-31 16:22:52 EEST HINT:  Rebuild all objects in this database that use the default collation and run ALTER DATABASE "DoMusic" REFRESH COLLATION VERSION, or build PostgreSQL with the right library version.
2025-05-31 16:23:22 EEST WARNING:  database "postgres" has a collation version mismatch
2025-05-31 16:23:22 EEST DETAIL:  The database was created using collation version 1540.3,1540.3, but the operating system provides version 1541.2,1541.2.
2025-05-31 16:23:22 EEST HINT:  Rebuild all objects in this database that use the default collation and run ALTER DATABASE postgres REFRESH COLLATION VERSION, or build PostgreSQL with the right library version.
2025-05-31 16:23:52 EEST WARNING:  database "DoMusic" has a collation version mismatch
2025-05-31 16:23:52 EEST DETAIL:  The database was created using collation version 1540.3,1540.3, but the operating system provides version 1541.2,1541.2.
2025-05-31 16:23:52 EEST HINT:  Rebuild all objects in this database that use the default collation and run ALTER DATABASE "DoMusic" REFRESH COLLATION VERSION, or build PostgreSQL with the right library version.
2025-05-31 16:24:22 EEST WARNING:  database "postgres" has a collation version mismatch
2025-05-31 16:24:22 EEST DETAIL:  The database was created using collation version 1540.3,1540.3, but the operating system provides version 1541.2,1541.2.
2025-05-31 16:24:22 EEST HINT:  Rebuild all objects in this database that use the default collation and run ALTER DATABASE postgres REFRESH COLLATION VERSION, or build PostgreSQL with the right library version.
2025-05-31 16:24:52 EEST WARNING:  database "DoMusic" has a collation version mismatch
2025-05-31 16:24:52 EEST DETAIL:  The database was created using collation version 1540.3,1540.3, but the operating system provides version 1541.2,1541.2.
2025-05-31 16:24:52 EEST HINT:  Rebuild all objects in this database that use the default collation and run ALTER DATABASE "DoMusic" REFRESH COLLATION VERSION, or build PostgreSQL with the right library version.
2025-05-31 16:25:22 EEST WARNING:  database "postgres" has a collation version mismatch
2025-05-31 16:25:22 EEST DETAIL:  The database was created using collation version 1540.3,1540.3, but the operating system provides version 1541.2,1541.2.
2025-05-31 16:25:22 EEST HINT:  Rebuild all objects in this database that use the default collation and run ALTER DATABASE postgres REFRESH COLLATION VERSION, or build PostgreSQL with the right library version.
2025-05-31 16:25:52 EEST WARNING:  database "DoMusic" has a collation version mismatch
2025-05-31 16:25:52 EEST DETAIL:  The database was created using collation version 1540.3,1540.3, but the operating system provides version 1541.2,1541.2.
2025-05-31 16:25:52 EEST HINT:  Rebuild all objects in this database that use the default collation and run ALTER DATABASE "DoMusic" REFRESH COLLATION VERSION, or build PostgreSQL with the right library version.
2025-05-31 16:26:22 EEST WARNING:  database "postgres" has a collation version mismatch
2025-05-31 16:26:22 EEST DETAIL:  The database was created using collation version 1540.3,1540.3, but the operating system provides version 1541.2,1541.2.
2025-05-31 16:26:22 EEST HINT:  Rebuild all objects in this database that use the default collation and run ALTER DATABASE postgres REFRESH COLLATION VERSION, or build PostgreSQL with the right library version.
2025-05-31 16:26:52 EEST WARNING:  database "DoMusic" has a collation version mismatch
2025-05-31 16:26:52 EEST DETAIL:  The database was created using collation version 1540.3,1540.3, but the operating system provides version 1541.2,1541.2.
2025-05-31 16:26:52 EEST HINT:  Rebuild all objects in this database that use the default collation and run ALTER DATABASE "DoMusic" REFRESH COLLATION VERSION, or build PostgreSQL with the right library version.
2025-05-31 16:27:22 EEST WARNING:  database "postgres" has a collation version mismatch
2025-05-31 16:27:22 EEST DETAIL:  The database was created using collation version 1540.3,1540.3, but the operating system provides version 1541.2,1541.2.
2025-05-31 16:27:22 EEST HINT:  Rebuild all objects in this database that use the default collation and run ALTER DATABASE postgres REFRESH COLLATION VERSION, or build PostgreSQL with the right library version.
2025-05-31 16:27:52 EEST WARNING:  database "DoMusic" has a collation version mismatch
2025-05-31 16:27:52 EEST DETAIL:  The database was created using collation version 1540.3,1540.3, but the operating system provides version 1541.2,1541.2.
2025-05-31 16:27:52 EEST HINT:  Rebuild all objects in this database that use the default collation and run ALTER DATABASE "DoMusic" REFRESH COLLATION VERSION, or build PostgreSQL with the right library version.
2025-05-31 16:28:22 EEST WARNING:  database "postgres" has a collation version mismatch
2025-05-31 16:28:22 EEST DETAIL:  The database was created using collation version 1540.3,1540.3, but the operating system provides version 1541.2,1541.2.
2025-05-31 16:28:22 EEST HINT:  Rebuild all objects in this database that use the default collation and run ALTER DATABASE postgres REFRESH COLLATION VERSION, or build PostgreSQL with the right library version.
2025-05-31 16:28:52 EEST WARNING:  database "DoMusic" has a collation version mismatch
2025-05-31 16:28:52 EEST DETAIL:  The database was created using collation version 1540.3,1540.3, but the operating system provides version 1541.2,1541.2.
2025-05-31 16:28:52 EEST HINT:  Rebuild all objects in this database that use the default collation and run ALTER DATABASE "DoMusic" REFRESH COLLATION VERSION, or build PostgreSQL with the right library version.
2025-05-31 16:29:22 EEST WARNING:  database "postgres" has a collation version mismatch
2025-05-31 16:29:22 EEST DETAIL:  The database was created using collation version 1540.3,1540.3, but the operating system provides version 1541.2,1541.2.
2025-05-31 16:29:22 EEST HINT:  Rebuild all objects in this database that use the default collation and run ALTER DATABASE postgres REFRESH COLLATION VERSION, or build PostgreSQL with the right library version.
2025-05-31 16:29:52 EEST WARNING:  database "DoMusic" has a collation version mismatch
2025-05-31 16:29:52 EEST DETAIL:  The database was created using collation version 1540.3,1540.3, but the operating system provides version 1541.2,1541.2.
2025-05-31 16:29:52 EEST HINT:  Rebuild all objects in this database that use the default collation and run ALTER DATABASE "DoMusic" REFRESH COLLATION VERSION, or build PostgreSQL with the right library version.
2025-05-31 16:30:22 EEST WARNING:  database "postgres" has a collation version mismatch
2025-05-31 16:30:22 EEST DETAIL:  The database was created using collation version 1540.3,1540.3, but the operating system provides version 1541.2,1541.2.
2025-05-31 16:30:22 EEST HINT:  Rebuild all objects in this database that use the default collation and run ALTER DATABASE postgres REFRESH COLLATION VERSION, or build PostgreSQL with the right library version.
2025-05-31 16:30:52 EEST WARNING:  database "DoMusic" has a collation version mismatch
2025-05-31 16:30:52 EEST DETAIL:  The database was created using collation version 1540.3,1540.3, but the operating system provides version 1541.2,1541.2.
2025-05-31 16:30:52 EEST HINT:  Rebuild all objects in this database that use the default collation and run ALTER DATABASE "DoMusic" REFRESH COLLATION VERSION, or build PostgreSQL with the right library version.
2025-05-31 16:31:22 EEST WARNING:  database "postgres" has a collation version mismatch
2025-05-31 16:31:22 EEST DETAIL:  The database was created using collation version 1540.3,1540.3, but the operating system provides version 1541.2,1541.2.
2025-05-31 16:31:22 EEST HINT:  Rebuild all objects in this database that use the default collation and run ALTER DATABASE postgres REFRESH COLLATION VERSION, or build PostgreSQL with the right library version.
2025-05-31 16:31:52 EEST WARNING:  database "DoMusic" has a collation version mismatch
2025-05-31 16:31:52 EEST DETAIL:  The database was created using collation version 1540.3,1540.3, but the operating system provides version 1541.2,1541.2.
2025-05-31 16:31:52 EEST HINT:  Rebuild all objects in this database that use the default collation and run ALTER DATABASE "DoMusic" REFRESH COLLATION VERSION, or build PostgreSQL with the right library version.
2025-05-31 16:32:22 EEST WARNING:  database "postgres" has a collation version mismatch
2025-05-31 16:32:22 EEST DETAIL:  The database was created using collation version 1540.3,1540.3, but the operating system provides version 1541.2,1541.2.
2025-05-31 16:32:22 EEST HINT:  Rebuild all objects in this database that use the default collation and run ALTER DATABASE postgres REFRESH COLLATION VERSION, or build PostgreSQL with the right library version.
2025-05-31 16:32:52 EEST WARNING:  database "DoMusic" has a collation version mismatch
2025-05-31 16:32:52 EEST DETAIL:  The database was created using collation version 1540.3,1540.3, but the operating system provides version 1541.2,1541.2.
2025-05-31 16:32:52 EEST HINT:  Rebuild all objects in this database that use the default collation and run ALTER DATABASE "DoMusic" REFRESH COLLATION VERSION, or build PostgreSQL with the right library version.
2025-05-31 16:33:22 EEST WARNING:  database "postgres" has a collation version mismatch
2025-05-31 16:33:22 EEST DETAIL:  The database was created using collation version 1540.3,1540.3, but the operating system provides version 1541.2,1541.2.
2025-05-31 16:33:22 EEST HINT:  Rebuild all objects in this database that use the default collation and run ALTER DATABASE postgres REFRESH COLLATION VERSION, or build PostgreSQL with the right library version.
2025-05-31 16:33:52 EEST WARNING:  database "DoMusic" has a collation version mismatch
2025-05-31 16:33:52 EEST DETAIL:  The database was created using collation version 1540.3,1540.3, but the operating system provides version 1541.2,1541.2.
2025-05-31 16:33:52 EEST HINT:  Rebuild all objects in this database that use the default collation and run ALTER DATABASE "DoMusic" REFRESH COLLATION VERSION, or build PostgreSQL with the right library version.
2025-05-31 16:34:22 EEST WARNING:  database "postgres" has a collation version mismatch
2025-05-31 16:34:22 EEST DETAIL:  The database was created using collation version 1540.3,1540.3, but the operating system provides version 1541.2,1541.2.
2025-05-31 16:34:22 EEST HINT:  Rebuild all objects in this database that use the default collation and run ALTER DATABASE postgres REFRESH COLLATION VERSION, or build PostgreSQL with the right library version.
2025-05-31 16:34:51 EEST LOG:  checkpoint starting: time
2025-05-31 16:34:51 EEST LOG:  checkpoint complete: wrote 2 buffers (0.0%); 0 WAL file(s) added, 0 removed, 0 recycled; write=0.118 s, sync=0.007 s, total=0.151 s; sync files=2, longest=0.004 s, average=0.004 s; distance=4 kB, estimate=4 kB; lsn=0/1ADA5B8, redo lsn=0/1ADA560
2025-05-31 16:34:52 EEST WARNING:  database "DoMusic" has a collation version mismatch
2025-05-31 16:34:52 EEST DETAIL:  The database was created using collation version 1540.3,1540.3, but the operating system provides version 1541.2,1541.2.
2025-05-31 16:34:52 EEST HINT:  Rebuild all objects in this database that use the default collation and run ALTER DATABASE "DoMusic" REFRESH COLLATION VERSION, or build PostgreSQL with the right library version.
2025-05-31 16:35:22 EEST WARNING:  database "postgres" has a collation version mismatch
2025-05-31 16:35:22 EEST DETAIL:  The database was created using collation version 1540.3,1540.3, but the operating system provides version 1541.2,1541.2.
2025-05-31 16:35:22 EEST HINT:  Rebuild all objects in this database that use the default collation and run ALTER DATABASE postgres REFRESH COLLATION VERSION, or build PostgreSQL with the right library version.
2025-05-31 16:35:52 EEST WARNING:  database "DoMusic" has a collation version mismatch
2025-05-31 16:35:52 EEST DETAIL:  The database was created using collation version 1540.3,1540.3, but the operating system provides version 1541.2,1541.2.
2025-05-31 16:35:52 EEST HINT:  Rebuild all objects in this database that use the default collation and run ALTER DATABASE "DoMusic" REFRESH COLLATION VERSION, or build PostgreSQL with the right library version.
2025-05-31 16:36:22 EEST WARNING:  database "postgres" has a collation version mismatch
2025-05-31 16:36:22 EEST DETAIL:  The database was created using collation version 1540.3,1540.3, but the operating system provides version 1541.2,1541.2.
2025-05-31 16:36:22 EEST HINT:  Rebuild all objects in this database that use the default collation and run ALTER DATABASE postgres REFRESH COLLATION VERSION, or build PostgreSQL with the right library version.
2025-05-31 16:36:52 EEST WARNING:  database "DoMusic" has a collation version mismatch
2025-05-31 16:36:52 EEST DETAIL:  The database was created using collation version 1540.3,1540.3, but the operating system provides version 1541.2,1541.2.
2025-05-31 16:36:52 EEST HINT:  Rebuild all objects in this database that use the default collation and run ALTER DATABASE "DoMusic" REFRESH COLLATION VERSION, or build PostgreSQL with the right library version.
2025-05-31 16:37:22 EEST WARNING:  database "postgres" has a collation version mismatch
2025-05-31 16:37:22 EEST DETAIL:  The database was created using collation version 1540.3,1540.3, but the operating system provides version 1541.2,1541.2.
2025-05-31 16:37:22 EEST HINT:  Rebuild all objects in this database that use the default collation and run ALTER DATABASE postgres REFRESH COLLATION VERSION, or build PostgreSQL with the right library version.
2025-05-31 16:37:52 EEST WARNING:  database "DoMusic" has a collation version mismatch
2025-05-31 16:37:52 EEST DETAIL:  The database was created using collation version 1540.3,1540.3, but the operating system provides version 1541.2,1541.2.
2025-05-31 16:37:52 EEST HINT:  Rebuild all objects in this database that use the default collation and run ALTER DATABASE "DoMusic" REFRESH COLLATION VERSION, or build PostgreSQL with the right library version.
2025-05-31 16:38:22 EEST WARNING:  database "postgres" has a collation version mismatch
2025-05-31 16:38:22 EEST DETAIL:  The database was created using collation version 1540.3,1540.3, but the operating system provides version 1541.2,1541.2.
2025-05-31 16:38:22 EEST HINT:  Rebuild all objects in this database that use the default collation and run ALTER DATABASE postgres REFRESH COLLATION VERSION, or build PostgreSQL with the right library version.
2025-05-31 16:38:52 EEST WARNING:  database "DoMusic" has a collation version mismatch
2025-05-31 16:38:52 EEST DETAIL:  The database was created using collation version 1540.3,1540.3, but the operating system provides version 1541.2,1541.2.
2025-05-31 16:38:52 EEST HINT:  Rebuild all objects in this database that use the default collation and run ALTER DATABASE "DoMusic" REFRESH COLLATION VERSION, or build PostgreSQL with the right library version.
2025-05-31 16:39:22 EEST WARNING:  database "postgres" has a collation version mismatch
2025-05-31 16:39:22 EEST DETAIL:  The database was created using collation version 1540.3,1540.3, but the operating system provides version 1541.2,1541.2.
2025-05-31 16:39:22 EEST HINT:  Rebuild all objects in this database that use the default collation and run ALTER DATABASE postgres REFRESH COLLATION VERSION, or build PostgreSQL with the right library version.
2025-05-31 16:39:51 EEST LOG:  checkpoint starting: time
2025-05-31 16:39:51 EEST LOG:  checkpoint complete: wrote 2 buffers (0.0%); 0 WAL file(s) added, 0 removed, 0 recycled; write=0.109 s, sync=0.005 s, total=0.133 s; sync files=2, longest=0.003 s, average=0.003 s; distance=5 kB, estimate=5 kB; lsn=0/1ADBBF8, redo lsn=0/1ADBBA0
2025-05-31 16:39:52 EEST WARNING:  database "DoMusic" has a collation version mismatch
2025-05-31 16:39:52 EEST DETAIL:  The database was created using collation version 1540.3,1540.3, but the operating system provides version 1541.2,1541.2.
2025-05-31 16:39:52 EEST HINT:  Rebuild all objects in this database that use the default collation and run ALTER DATABASE "DoMusic" REFRESH COLLATION VERSION, or build PostgreSQL with the right library version.
2025-05-31 16:40:22 EEST WARNING:  database "postgres" has a collation version mismatch
2025-05-31 16:40:22 EEST DETAIL:  The database was created using collation version 1540.3,1540.3, but the operating system provides version 1541.2,1541.2.
2025-05-31 16:40:22 EEST HINT:  Rebuild all objects in this database that use the default collation and run ALTER DATABASE postgres REFRESH COLLATION VERSION, or build PostgreSQL with the right library version.
2025-05-31 16:40:52 EEST WARNING:  database "DoMusic" has a collation version mismatch
2025-05-31 16:40:52 EEST DETAIL:  The database was created using collation version 1540.3,1540.3, but the operating system provides version 1541.2,1541.2.
2025-05-31 16:40:52 EEST HINT:  Rebuild all objects in this database that use the default collation and run ALTER DATABASE "DoMusic" REFRESH COLLATION VERSION, or build PostgreSQL with the right library version.
2025-05-31 16:41:22 EEST WARNING:  database "postgres" has a collation version mismatch
2025-05-31 16:41:22 EEST DETAIL:  The database was created using collation version 1540.3,1540.3, but the operating system provides version 1541.2,1541.2.
2025-05-31 16:41:22 EEST HINT:  Rebuild all objects in this database that use the default collation and run ALTER DATABASE postgres REFRESH COLLATION VERSION, or build PostgreSQL with the right library version.
2025-05-31 16:41:52 EEST WARNING:  database "DoMusic" has a collation version mismatch
2025-05-31 16:41:52 EEST DETAIL:  The database was created using collation version 1540.3,1540.3, but the operating system provides version 1541.2,1541.2.
2025-05-31 16:41:52 EEST HINT:  Rebuild all objects in this database that use the default collation and run ALTER DATABASE "DoMusic" REFRESH COLLATION VERSION, or build PostgreSQL with the right library version.
2025-05-31 16:42:22 EEST WARNING:  database "postgres" has a collation version mismatch
2025-05-31 16:42:22 EEST DETAIL:  The database was created using collation version 1540.3,1540.3, but the operating system provides version 1541.2,1541.2.
2025-05-31 16:42:22 EEST HINT:  Rebuild all objects in this database that use the default collation and run ALTER DATABASE postgres REFRESH COLLATION VERSION, or build PostgreSQL with the right library version.
2025-05-31 16:42:52 EEST WARNING:  database "DoMusic" has a collation version mismatch
2025-05-31 16:42:52 EEST DETAIL:  The database was created using collation version 1540.3,1540.3, but the operating system provides version 1541.2,1541.2.
2025-05-31 16:42:52 EEST HINT:  Rebuild all objects in this database that use the default collation and run ALTER DATABASE "DoMusic" REFRESH COLLATION VERSION, or build PostgreSQL with the right library version.
2025-05-31 16:43:22 EEST WARNING:  database "postgres" has a collation version mismatch
2025-05-31 16:43:22 EEST DETAIL:  The database was created using collation version 1540.3,1540.3, but the operating system provides version 1541.2,1541.2.
2025-05-31 16:43:22 EEST HINT:  Rebuild all objects in this database that use the default collation and run ALTER DATABASE postgres REFRESH COLLATION VERSION, or build PostgreSQL with the right library version.
2025-05-31 16:43:52 EEST WARNING:  database "DoMusic" has a collation version mismatch
2025-05-31 16:43:52 EEST DETAIL:  The database was created using collation version 1540.3,1540.3, but the operating system provides version 1541.2,1541.2.
2025-05-31 16:43:52 EEST HINT:  Rebuild all objects in this database that use the default collation and run ALTER DATABASE "DoMusic" REFRESH COLLATION VERSION, or build PostgreSQL with the right library version.
2025-05-31 16:44:22 EEST WARNING:  database "postgres" has a collation version mismatch
2025-05-31 16:44:22 EEST DETAIL:  The database was created using collation version 1540.3,1540.3, but the operating system provides version 1541.2,1541.2.
2025-05-31 16:44:22 EEST HINT:  Rebuild all objects in this database that use the default collation and run ALTER DATABASE postgres REFRESH COLLATION VERSION, or build PostgreSQL with the right library version.
2025-05-31 16:44:51 EEST LOG:  checkpoint starting: time
2025-05-31 16:44:51 EEST LOG:  checkpoint complete: wrote 2 buffers (0.0%); 0 WAL file(s) added, 0 removed, 0 recycled; write=0.108 s, sync=0.009 s, total=0.137 s; sync files=2, longest=0.006 s, average=0.005 s; distance=6 kB, estimate=6 kB; lsn=0/1ADD788, redo lsn=0/1ADD730
2025-05-31 16:44:52 EEST WARNING:  database "DoMusic" has a collation version mismatch
2025-05-31 16:44:52 EEST DETAIL:  The database was created using collation version 1540.3,1540.3, but the operating system provides version 1541.2,1541.2.
2025-05-31 16:44:52 EEST HINT:  Rebuild all objects in this database that use the default collation and run ALTER DATABASE "DoMusic" REFRESH COLLATION VERSION, or build PostgreSQL with the right library version.
2025-05-31 16:45:22 EEST WARNING:  database "postgres" has a collation version mismatch
2025-05-31 16:45:22 EEST DETAIL:  The database was created using collation version 1540.3,1540.3, but the operating system provides version 1541.2,1541.2.
2025-05-31 16:45:22 EEST HINT:  Rebuild all objects in this database that use the default collation and run ALTER DATABASE postgres REFRESH COLLATION VERSION, or build PostgreSQL with the right library version.
2025-05-31 16:45:52 EEST WARNING:  database "DoMusic" has a collation version mismatch
2025-05-31 16:45:52 EEST DETAIL:  The database was created using collation version 1540.3,1540.3, but the operating system provides version 1541.2,1541.2.
2025-05-31 16:45:52 EEST HINT:  Rebuild all objects in this database that use the default collation and run ALTER DATABASE "DoMusic" REFRESH COLLATION VERSION, or build PostgreSQL with the right library version.
2025-05-31 16:46:22 EEST WARNING:  database "postgres" has a collation version mismatch
2025-05-31 16:46:22 EEST DETAIL:  The database was created using collation version 1540.3,1540.3, but the operating system provides version 1541.2,1541.2.
2025-05-31 16:46:22 EEST HINT:  Rebuild all objects in this database that use the default collation and run ALTER DATABASE postgres REFRESH COLLATION VERSION, or build PostgreSQL with the right library version.
2025-05-31 16:46:52 EEST WARNING:  database "DoMusic" has a collation version mismatch
2025-05-31 16:46:52 EEST DETAIL:  The database was created using collation version 1540.3,1540.3, but the operating system provides version 1541.2,1541.2.
2025-05-31 16:46:52 EEST HINT:  Rebuild all objects in this database that use the default collation and run ALTER DATABASE "DoMusic" REFRESH COLLATION VERSION, or build PostgreSQL with the right library version.
2025-05-31 16:47:22 EEST WARNING:  database "postgres" has a collation version mismatch
2025-05-31 16:47:22 EEST DETAIL:  The database was created using collation version 1540.3,1540.3, but the operating system provides version 1541.2,1541.2.
2025-05-31 16:47:22 EEST HINT:  Rebuild all objects in this database that use the default collation and run ALTER DATABASE postgres REFRESH COLLATION VERSION, or build PostgreSQL with the right library version.
2025-05-31 16:47:52 EEST WARNING:  database "DoMusic" has a collation version mismatch
2025-05-31 16:47:52 EEST DETAIL:  The database was created using collation version 1540.3,1540.3, but the operating system provides version 1541.2,1541.2.
2025-05-31 16:47:52 EEST HINT:  Rebuild all objects in this database that use the default collation and run ALTER DATABASE "DoMusic" REFRESH COLLATION VERSION, or build PostgreSQL with the right library version.
2025-05-31 16:48:22 EEST WARNING:  database "postgres" has a collation version mismatch
2025-05-31 16:48:22 EEST DETAIL:  The database was created using collation version 1540.3,1540.3, but the operating system provides version 1541.2,1541.2.
2025-05-31 16:48:22 EEST HINT:  Rebuild all objects in this database that use the default collation and run ALTER DATABASE postgres REFRESH COLLATION VERSION, or build PostgreSQL with the right library version.
2025-05-31 16:48:52 EEST WARNING:  database "DoMusic" has a collation version mismatch
2025-05-31 16:48:52 EEST DETAIL:  The database was created using collation version 1540.3,1540.3, but the operating system provides version 1541.2,1541.2.
2025-05-31 16:48:52 EEST HINT:  Rebuild all objects in this database that use the default collation and run ALTER DATABASE "DoMusic" REFRESH COLLATION VERSION, or build PostgreSQL with the right library version.
2025-05-31 16:49:22 EEST WARNING:  database "postgres" has a collation version mismatch
2025-05-31 16:49:22 EEST DETAIL:  The database was created using collation version 1540.3,1540.3, but the operating system provides version 1541.2,1541.2.
2025-05-31 16:49:22 EEST HINT:  Rebuild all objects in this database that use the default collation and run ALTER DATABASE postgres REFRESH COLLATION VERSION, or build PostgreSQL with the right library version.
2025-05-31 16:49:52 EEST WARNING:  database "DoMusic" has a collation version mismatch
2025-05-31 16:49:52 EEST DETAIL:  The database was created using collation version 1540.3,1540.3, but the operating system provides version 1541.2,1541.2.
2025-05-31 16:49:52 EEST HINT:  Rebuild all objects in this database that use the default collation and run ALTER DATABASE "DoMusic" REFRESH COLLATION VERSION, or build PostgreSQL with the right library version.
2025-05-31 16:50:22 EEST WARNING:  database "postgres" has a collation version mismatch
2025-05-31 16:50:22 EEST DETAIL:  The database was created using collation version 1540.3,1540.3, but the operating system provides version 1541.2,1541.2.
2025-05-31 16:50:22 EEST HINT:  Rebuild all objects in this database that use the default collation and run ALTER DATABASE postgres REFRESH COLLATION VERSION, or build PostgreSQL with the right library version.
2025-05-31 16:50:52 EEST WARNING:  database "DoMusic" has a collation version mismatch
2025-05-31 16:50:52 EEST DETAIL:  The database was created using collation version 1540.3,1540.3, but the operating system provides version 1541.2,1541.2.
2025-05-31 16:50:52 EEST HINT:  Rebuild all objects in this database that use the default collation and run ALTER DATABASE "DoMusic" REFRESH COLLATION VERSION, or build PostgreSQL with the right library version.
2025-05-31 16:51:22 EEST WARNING:  database "postgres" has a collation version mismatch
2025-05-31 16:51:22 EEST DETAIL:  The database was created using collation version 1540.3,1540.3, but the operating system provides version 1541.2,1541.2.
2025-05-31 16:51:22 EEST HINT:  Rebuild all objects in this database that use the default collation and run ALTER DATABASE postgres REFRESH COLLATION VERSION, or build PostgreSQL with the right library version.
2025-05-31 16:51:52 EEST WARNING:  database "DoMusic" has a collation version mismatch
2025-05-31 16:51:52 EEST DETAIL:  The database was created using collation version 1540.3,1540.3, but the operating system provides version 1541.2,1541.2.
2025-05-31 16:51:52 EEST HINT:  Rebuild all objects in this database that use the default collation and run ALTER DATABASE "DoMusic" REFRESH COLLATION VERSION, or build PostgreSQL with the right library version.
2025-05-31 16:52:22 EEST WARNING:  database "postgres" has a collation version mismatch
2025-05-31 16:52:22 EEST DETAIL:  The database was created using collation version 1540.3,1540.3, but the operating system provides version 1541.2,1541.2.
2025-05-31 16:52:22 EEST HINT:  Rebuild all objects in this database that use the default collation and run ALTER DATABASE postgres REFRESH COLLATION VERSION, or build PostgreSQL with the right library version.
2025-05-31 16:52:52 EEST WARNING:  database "DoMusic" has a collation version mismatch
2025-05-31 16:52:52 EEST DETAIL:  The database was created using collation version 1540.3,1540.3, but the operating system provides version 1541.2,1541.2.
2025-05-31 16:52:52 EEST HINT:  Rebuild all objects in this database that use the default collation and run ALTER DATABASE "DoMusic" REFRESH COLLATION VERSION, or build PostgreSQL with the right library version.
2025-05-31 16:53:22 EEST WARNING:  database "postgres" has a collation version mismatch
2025-05-31 16:53:22 EEST DETAIL:  The database was created using collation version 1540.3,1540.3, but the operating system provides version 1541.2,1541.2.
2025-05-31 16:53:22 EEST HINT:  Rebuild all objects in this database that use the default collation and run ALTER DATABASE postgres REFRESH COLLATION VERSION, or build PostgreSQL with the right library version.
2025-05-31 16:53:52 EEST WARNING:  database "DoMusic" has a collation version mismatch
2025-05-31 16:53:52 EEST DETAIL:  The database was created using collation version 1540.3,1540.3, but the operating system provides version 1541.2,1541.2.
2025-05-31 16:53:52 EEST HINT:  Rebuild all objects in this database that use the default collation and run ALTER DATABASE "DoMusic" REFRESH COLLATION VERSION, or build PostgreSQL with the right library version.
2025-05-31 16:54:22 EEST WARNING:  database "postgres" has a collation version mismatch
2025-05-31 16:54:22 EEST DETAIL:  The database was created using collation version 1540.3,1540.3, but the operating system provides version 1541.2,1541.2.
2025-05-31 16:54:22 EEST HINT:  Rebuild all objects in this database that use the default collation and run ALTER DATABASE postgres REFRESH COLLATION VERSION, or build PostgreSQL with the right library version.
2025-05-31 16:54:52 EEST WARNING:  database "DoMusic" has a collation version mismatch
2025-05-31 16:54:52 EEST DETAIL:  The database was created using collation version 1540.3,1540.3, but the operating system provides version 1541.2,1541.2.
2025-05-31 16:54:52 EEST HINT:  Rebuild all objects in this database that use the default collation and run ALTER DATABASE "DoMusic" REFRESH COLLATION VERSION, or build PostgreSQL with the right library version.
2025-05-31 16:55:22 EEST WARNING:  database "postgres" has a collation version mismatch
2025-05-31 16:55:22 EEST DETAIL:  The database was created using collation version 1540.3,1540.3, but the operating system provides version 1541.2,1541.2.
2025-05-31 16:55:22 EEST HINT:  Rebuild all objects in this database that use the default collation and run ALTER DATABASE postgres REFRESH COLLATION VERSION, or build PostgreSQL with the right library version.
2025-05-31 16:55:52 EEST WARNING:  database "DoMusic" has a collation version mismatch
2025-05-31 16:55:52 EEST DETAIL:  The database was created using collation version 1540.3,1540.3, but the operating system provides version 1541.2,1541.2.
2025-05-31 16:55:52 EEST HINT:  Rebuild all objects in this database that use the default collation and run ALTER DATABASE "DoMusic" REFRESH COLLATION VERSION, or build PostgreSQL with the right library version.
2025-05-31 16:56:22 EEST WARNING:  database "postgres" has a collation version mismatch
2025-05-31 16:56:22 EEST DETAIL:  The database was created using collation version 1540.3,1540.3, but the operating system provides version 1541.2,1541.2.
2025-05-31 16:56:22 EEST HINT:  Rebuild all objects in this database that use the default collation and run ALTER DATABASE postgres REFRESH COLLATION VERSION, or build PostgreSQL with the right library version.
2025-05-31 16:56:52 EEST WARNING:  database "DoMusic" has a collation version mismatch
2025-05-31 16:56:52 EEST DETAIL:  The database was created using collation version 1540.3,1540.3, but the operating system provides version 1541.2,1541.2.
2025-05-31 16:56:52 EEST HINT:  Rebuild all objects in this database that use the default collation and run ALTER DATABASE "DoMusic" REFRESH COLLATION VERSION, or build PostgreSQL with the right library version.
2025-05-31 16:57:01 EEST LOG:  could not receive data from client: An existing connection was forcibly closed by the remote host.
	
2025-05-31 16:57:01 EEST LOG:  could not receive data from client: An existing connection was forcibly closed by the remote host.
	
2025-05-31 16:57:01 EEST LOG:  could not receive data from client: An existing connection was forcibly closed by the remote host.
	
2025-05-31 16:57:08 EEST LOG:  could not receive data from client: An existing connection was forcibly closed by the remote host.
	
2025-05-31 16:57:08 EEST LOG:  could not receive data from client: An existing connection was forcibly closed by the remote host.
	
2025-05-31 16:57:22 EEST WARNING:  database "postgres" has a collation version mismatch
2025-05-31 16:57:22 EEST DETAIL:  The database was created using collation version 1540.3,1540.3, but the operating system provides version 1541.2,1541.2.
2025-05-31 16:57:22 EEST HINT:  Rebuild all objects in this database that use the default collation and run ALTER DATABASE postgres REFRESH COLLATION VERSION, or build PostgreSQL with the right library version.
2025-05-31 16:57:52 EEST WARNING:  database "DoMusic" has a collation version mismatch
2025-05-31 16:57:52 EEST DETAIL:  The database was created using collation version 1540.3,1540.3, but the operating system provides version 1541.2,1541.2.
2025-05-31 16:57:52 EEST HINT:  Rebuild all objects in this database that use the default collation and run ALTER DATABASE "DoMusic" REFRESH COLLATION VERSION, or build PostgreSQL with the right library version.
2025-05-31 16:58:22 EEST WARNING:  database "postgres" has a collation version mismatch
2025-05-31 16:58:22 EEST DETAIL:  The database was created using collation version 1540.3,1540.3, but the operating system provides version 1541.2,1541.2.
2025-05-31 16:58:22 EEST HINT:  Rebuild all objects in this database that use the default collation and run ALTER DATABASE postgres REFRESH COLLATION VERSION, or build PostgreSQL with the right library version.
2025-05-31 16:58:52 EEST WARNING:  database "DoMusic" has a collation version mismatch
2025-05-31 16:58:52 EEST DETAIL:  The database was created using collation version 1540.3,1540.3, but the operating system provides version 1541.2,1541.2.
2025-05-31 16:58:52 EEST HINT:  Rebuild all objects in this database that use the default collation and run ALTER DATABASE "DoMusic" REFRESH COLLATION VERSION, or build PostgreSQL with the right library version.
