2025-06-06 14:05:49 EEST LOG:  database system was shut down at 2025-06-06 14:05:15 EEST
2025-06-06 14:06:19 EEST WARNING:  database "postgres" has a collation version mismatch
2025-06-06 14:06:19 EEST DETAIL:  The database was created using collation version 1540.3,1540.3, but the operating system provides version 1541.2,1541.2.
2025-06-06 14:06:19 EEST HINT:  Rebuild all objects in this database that use the default collation and run ALTER DATABASE postgres REFRESH COLLATION VERSION, or build PostgreSQL with the right library version.
2025-06-06 14:06:49 EEST WARNING:  database "DoMusic" has a collation version mismatch
2025-06-06 14:06:49 EEST DETAIL:  The database was created using collation version 1540.3,1540.3, but the operating system provides version 1541.2,1541.2.
2025-06-06 14:06:49 EEST HINT:  Rebuild all objects in this database that use the default collation and run ALTER DATABASE "DoMusic" REFRESH COLLATION VERSION, or build PostgreSQL with the right library version.
2025-06-06 14:07:20 EEST WARNING:  database "postgres" has a collation version mismatch
2025-06-06 14:07:20 EEST DETAIL:  The database was created using collation version 1540.3,1540.3, but the operating system provides version 1541.2,1541.2.
2025-06-06 14:07:20 EEST HINT:  Rebuild all objects in this database that use the default collation and run ALTER DATABASE postgres REFRESH COLLATION VERSION, or build PostgreSQL with the right library version.
2025-06-06 14:07:21 EEST WARNING:  database "postgres" has a collation version mismatch
2025-06-06 14:07:21 EEST DETAIL:  The database was created using collation version 1540.3,1540.3, but the operating system provides version 1541.2,1541.2.
2025-06-06 14:07:21 EEST HINT:  Rebuild all objects in this database that use the default collation and run ALTER DATABASE postgres REFRESH COLLATION VERSION, or build PostgreSQL with the right library version.
2025-06-06 14:07:22 EEST WARNING:  database "DoMusic" has a collation version mismatch
2025-06-06 14:07:22 EEST DETAIL:  The database was created using collation version 1540.3,1540.3, but the operating system provides version 1541.2,1541.2.
2025-06-06 14:07:22 EEST HINT:  Rebuild all objects in this database that use the default collation and run ALTER DATABASE "DoMusic" REFRESH COLLATION VERSION, or build PostgreSQL with the right library version.
2025-06-06 14:07:22 EEST WARNING:  database "DoMusic" has a collation version mismatch
2025-06-06 14:07:22 EEST DETAIL:  The database was created using collation version 1540.3,1540.3, but the operating system provides version 1541.2,1541.2.
2025-06-06 14:07:22 EEST HINT:  Rebuild all objects in this database that use the default collation and run ALTER DATABASE "DoMusic" REFRESH COLLATION VERSION, or build PostgreSQL with the right library version.
2025-06-06 14:07:46 EEST WARNING:  database "DoMusic" has a collation version mismatch
2025-06-06 14:07:46 EEST DETAIL:  The database was created using collation version 1540.3,1540.3, but the operating system provides version 1541.2,1541.2.
2025-06-06 14:07:46 EEST HINT:  Rebuild all objects in this database that use the default collation and run ALTER DATABASE "DoMusic" REFRESH COLLATION VERSION, or build PostgreSQL with the right library version.
2025-06-06 14:07:49 EEST WARNING:  database "DoMusic" has a collation version mismatch
2025-06-06 14:07:49 EEST DETAIL:  The database was created using collation version 1540.3,1540.3, but the operating system provides version 1541.2,1541.2.
2025-06-06 14:07:49 EEST HINT:  Rebuild all objects in this database that use the default collation and run ALTER DATABASE "DoMusic" REFRESH COLLATION VERSION, or build PostgreSQL with the right library version.
2025-06-06 14:08:20 EEST WARNING:  database "postgres" has a collation version mismatch
2025-06-06 14:08:20 EEST DETAIL:  The database was created using collation version 1540.3,1540.3, but the operating system provides version 1541.2,1541.2.
2025-06-06 14:08:20 EEST HINT:  Rebuild all objects in this database that use the default collation and run ALTER DATABASE postgres REFRESH COLLATION VERSION, or build PostgreSQL with the right library version.
2025-06-06 14:08:26 EEST WARNING:  database "DoMusic" has a collation version mismatch
2025-06-06 14:08:26 EEST DETAIL:  The database was created using collation version 1540.3,1540.3, but the operating system provides version 1541.2,1541.2.
2025-06-06 14:08:26 EEST HINT:  Rebuild all objects in this database that use the default collation and run ALTER DATABASE "DoMusic" REFRESH COLLATION VERSION, or build PostgreSQL with the right library version.
2025-06-06 14:08:49 EEST WARNING:  database "DoMusic" has a collation version mismatch
2025-06-06 14:08:49 EEST DETAIL:  The database was created using collation version 1540.3,1540.3, but the operating system provides version 1541.2,1541.2.
2025-06-06 14:08:49 EEST HINT:  Rebuild all objects in this database that use the default collation and run ALTER DATABASE "DoMusic" REFRESH COLLATION VERSION, or build PostgreSQL with the right library version.
2025-06-06 14:09:20 EEST WARNING:  database "postgres" has a collation version mismatch
2025-06-06 14:09:20 EEST DETAIL:  The database was created using collation version 1540.3,1540.3, but the operating system provides version 1541.2,1541.2.
2025-06-06 14:09:20 EEST HINT:  Rebuild all objects in this database that use the default collation and run ALTER DATABASE postgres REFRESH COLLATION VERSION, or build PostgreSQL with the right library version.
2025-06-06 14:09:49 EEST WARNING:  database "DoMusic" has a collation version mismatch
2025-06-06 14:09:49 EEST DETAIL:  The database was created using collation version 1540.3,1540.3, but the operating system provides version 1541.2,1541.2.
2025-06-06 14:09:49 EEST HINT:  Rebuild all objects in this database that use the default collation and run ALTER DATABASE "DoMusic" REFRESH COLLATION VERSION, or build PostgreSQL with the right library version.
2025-06-06 14:10:20 EEST WARNING:  database "postgres" has a collation version mismatch
2025-06-06 14:10:20 EEST DETAIL:  The database was created using collation version 1540.3,1540.3, but the operating system provides version 1541.2,1541.2.
2025-06-06 14:10:20 EEST HINT:  Rebuild all objects in this database that use the default collation and run ALTER DATABASE postgres REFRESH COLLATION VERSION, or build PostgreSQL with the right library version.
2025-06-06 14:10:49 EEST LOG:  checkpoint starting: time
2025-06-06 14:10:49 EEST LOG:  checkpoint complete: wrote 3 buffers (0.0%); 0 WAL file(s) added, 0 removed, 0 recycled; write=0.008 s, sync=0.007 s, total=0.037 s; sync files=2, longest=0.004 s, average=0.004 s; distance=0 kB, estimate=0 kB; lsn=0/1B25358, redo lsn=0/1B25300
2025-06-06 14:10:49 EEST WARNING:  database "DoMusic" has a collation version mismatch
2025-06-06 14:10:49 EEST DETAIL:  The database was created using collation version 1540.3,1540.3, but the operating system provides version 1541.2,1541.2.
2025-06-06 14:10:49 EEST HINT:  Rebuild all objects in this database that use the default collation and run ALTER DATABASE "DoMusic" REFRESH COLLATION VERSION, or build PostgreSQL with the right library version.
2025-06-06 14:11:20 EEST WARNING:  database "postgres" has a collation version mismatch
2025-06-06 14:11:20 EEST DETAIL:  The database was created using collation version 1540.3,1540.3, but the operating system provides version 1541.2,1541.2.
2025-06-06 14:11:20 EEST HINT:  Rebuild all objects in this database that use the default collation and run ALTER DATABASE postgres REFRESH COLLATION VERSION, or build PostgreSQL with the right library version.
2025-06-06 14:11:37 EEST WARNING:  database "DoMusic" has a collation version mismatch
2025-06-06 14:11:37 EEST DETAIL:  The database was created using collation version 1540.3,1540.3, but the operating system provides version 1541.2,1541.2.
2025-06-06 14:11:37 EEST HINT:  Rebuild all objects in this database that use the default collation and run ALTER DATABASE "DoMusic" REFRESH COLLATION VERSION, or build PostgreSQL with the right library version.
2025-06-06 14:11:39 EEST WARNING:  database "DoMusic" has a collation version mismatch
2025-06-06 14:11:39 EEST DETAIL:  The database was created using collation version 1540.3,1540.3, but the operating system provides version 1541.2,1541.2.
2025-06-06 14:11:39 EEST HINT:  Rebuild all objects in this database that use the default collation and run ALTER DATABASE "DoMusic" REFRESH COLLATION VERSION, or build PostgreSQL with the right library version.
2025-06-06 14:11:49 EEST WARNING:  database "DoMusic" has a collation version mismatch
2025-06-06 14:11:49 EEST DETAIL:  The database was created using collation version 1540.3,1540.3, but the operating system provides version 1541.2,1541.2.
2025-06-06 14:11:49 EEST HINT:  Rebuild all objects in this database that use the default collation and run ALTER DATABASE "DoMusic" REFRESH COLLATION VERSION, or build PostgreSQL with the right library version.
2025-06-06 14:12:20 EEST WARNING:  database "postgres" has a collation version mismatch
2025-06-06 14:12:20 EEST DETAIL:  The database was created using collation version 1540.3,1540.3, but the operating system provides version 1541.2,1541.2.
2025-06-06 14:12:20 EEST HINT:  Rebuild all objects in this database that use the default collation and run ALTER DATABASE postgres REFRESH COLLATION VERSION, or build PostgreSQL with the right library version.
2025-06-06 14:12:42 EEST WARNING:  database "DoMusic" has a collation version mismatch
2025-06-06 14:12:42 EEST DETAIL:  The database was created using collation version 1540.3,1540.3, but the operating system provides version 1541.2,1541.2.
2025-06-06 14:12:42 EEST HINT:  Rebuild all objects in this database that use the default collation and run ALTER DATABASE "DoMusic" REFRESH COLLATION VERSION, or build PostgreSQL with the right library version.
2025-06-06 14:12:50 EEST WARNING:  database "DoMusic" has a collation version mismatch
2025-06-06 14:12:50 EEST DETAIL:  The database was created using collation version 1540.3,1540.3, but the operating system provides version 1541.2,1541.2.
2025-06-06 14:12:50 EEST HINT:  Rebuild all objects in this database that use the default collation and run ALTER DATABASE "DoMusic" REFRESH COLLATION VERSION, or build PostgreSQL with the right library version.
2025-06-06 14:13:20 EEST WARNING:  database "postgres" has a collation version mismatch
2025-06-06 14:13:20 EEST DETAIL:  The database was created using collation version 1540.3,1540.3, but the operating system provides version 1541.2,1541.2.
2025-06-06 14:13:20 EEST HINT:  Rebuild all objects in this database that use the default collation and run ALTER DATABASE postgres REFRESH COLLATION VERSION, or build PostgreSQL with the right library version.
2025-06-06 14:13:50 EEST WARNING:  database "DoMusic" has a collation version mismatch
2025-06-06 14:13:50 EEST DETAIL:  The database was created using collation version 1540.3,1540.3, but the operating system provides version 1541.2,1541.2.
2025-06-06 14:13:50 EEST HINT:  Rebuild all objects in this database that use the default collation and run ALTER DATABASE "DoMusic" REFRESH COLLATION VERSION, or build PostgreSQL with the right library version.
2025-06-06 14:14:11 EEST WARNING:  database "DoMusic" has a collation version mismatch
2025-06-06 14:14:11 EEST DETAIL:  The database was created using collation version 1540.3,1540.3, but the operating system provides version 1541.2,1541.2.
2025-06-06 14:14:11 EEST HINT:  Rebuild all objects in this database that use the default collation and run ALTER DATABASE "DoMusic" REFRESH COLLATION VERSION, or build PostgreSQL with the right library version.
2025-06-06 14:14:20 EEST WARNING:  database "postgres" has a collation version mismatch
2025-06-06 14:14:20 EEST DETAIL:  The database was created using collation version 1540.3,1540.3, but the operating system provides version 1541.2,1541.2.
2025-06-06 14:14:20 EEST HINT:  Rebuild all objects in this database that use the default collation and run ALTER DATABASE postgres REFRESH COLLATION VERSION, or build PostgreSQL with the right library version.
2025-06-06 14:14:50 EEST WARNING:  database "DoMusic" has a collation version mismatch
2025-06-06 14:14:50 EEST DETAIL:  The database was created using collation version 1540.3,1540.3, but the operating system provides version 1541.2,1541.2.
2025-06-06 14:14:50 EEST HINT:  Rebuild all objects in this database that use the default collation and run ALTER DATABASE "DoMusic" REFRESH COLLATION VERSION, or build PostgreSQL with the right library version.
2025-06-06 14:15:20 EEST WARNING:  database "postgres" has a collation version mismatch
2025-06-06 14:15:20 EEST DETAIL:  The database was created using collation version 1540.3,1540.3, but the operating system provides version 1541.2,1541.2.
2025-06-06 14:15:20 EEST HINT:  Rebuild all objects in this database that use the default collation and run ALTER DATABASE postgres REFRESH COLLATION VERSION, or build PostgreSQL with the right library version.
2025-06-06 14:15:50 EEST WARNING:  database "DoMusic" has a collation version mismatch
2025-06-06 14:15:50 EEST DETAIL:  The database was created using collation version 1540.3,1540.3, but the operating system provides version 1541.2,1541.2.
2025-06-06 14:15:50 EEST HINT:  Rebuild all objects in this database that use the default collation and run ALTER DATABASE "DoMusic" REFRESH COLLATION VERSION, or build PostgreSQL with the right library version.
2025-06-06 14:15:59 EEST WARNING:  database "DoMusic" has a collation version mismatch
2025-06-06 14:15:59 EEST DETAIL:  The database was created using collation version 1540.3,1540.3, but the operating system provides version 1541.2,1541.2.
2025-06-06 14:15:59 EEST HINT:  Rebuild all objects in this database that use the default collation and run ALTER DATABASE "DoMusic" REFRESH COLLATION VERSION, or build PostgreSQL with the right library version.
2025-06-06 14:16:20 EEST WARNING:  database "postgres" has a collation version mismatch
2025-06-06 14:16:20 EEST DETAIL:  The database was created using collation version 1540.3,1540.3, but the operating system provides version 1541.2,1541.2.
2025-06-06 14:16:20 EEST HINT:  Rebuild all objects in this database that use the default collation and run ALTER DATABASE postgres REFRESH COLLATION VERSION, or build PostgreSQL with the right library version.
2025-06-06 14:16:50 EEST WARNING:  database "DoMusic" has a collation version mismatch
2025-06-06 14:16:50 EEST DETAIL:  The database was created using collation version 1540.3,1540.3, but the operating system provides version 1541.2,1541.2.
2025-06-06 14:16:50 EEST HINT:  Rebuild all objects in this database that use the default collation and run ALTER DATABASE "DoMusic" REFRESH COLLATION VERSION, or build PostgreSQL with the right library version.
2025-06-06 14:17:20 EEST WARNING:  database "postgres" has a collation version mismatch
2025-06-06 14:17:20 EEST DETAIL:  The database was created using collation version 1540.3,1540.3, but the operating system provides version 1541.2,1541.2.
2025-06-06 14:17:20 EEST HINT:  Rebuild all objects in this database that use the default collation and run ALTER DATABASE postgres REFRESH COLLATION VERSION, or build PostgreSQL with the right library version.
2025-06-06 14:17:50 EEST WARNING:  database "DoMusic" has a collation version mismatch
2025-06-06 14:17:50 EEST DETAIL:  The database was created using collation version 1540.3,1540.3, but the operating system provides version 1541.2,1541.2.
2025-06-06 14:17:50 EEST HINT:  Rebuild all objects in this database that use the default collation and run ALTER DATABASE "DoMusic" REFRESH COLLATION VERSION, or build PostgreSQL with the right library version.
2025-06-06 14:18:20 EEST WARNING:  database "postgres" has a collation version mismatch
2025-06-06 14:18:20 EEST DETAIL:  The database was created using collation version 1540.3,1540.3, but the operating system provides version 1541.2,1541.2.
2025-06-06 14:18:20 EEST HINT:  Rebuild all objects in this database that use the default collation and run ALTER DATABASE postgres REFRESH COLLATION VERSION, or build PostgreSQL with the right library version.
2025-06-06 14:18:50 EEST WARNING:  database "DoMusic" has a collation version mismatch
2025-06-06 14:18:50 EEST DETAIL:  The database was created using collation version 1540.3,1540.3, but the operating system provides version 1541.2,1541.2.
2025-06-06 14:18:50 EEST HINT:  Rebuild all objects in this database that use the default collation and run ALTER DATABASE "DoMusic" REFRESH COLLATION VERSION, or build PostgreSQL with the right library version.
2025-06-06 14:19:18 EEST WARNING:  database "DoMusic" has a collation version mismatch
2025-06-06 14:19:18 EEST DETAIL:  The database was created using collation version 1540.3,1540.3, but the operating system provides version 1541.2,1541.2.
2025-06-06 14:19:18 EEST HINT:  Rebuild all objects in this database that use the default collation and run ALTER DATABASE "DoMusic" REFRESH COLLATION VERSION, or build PostgreSQL with the right library version.
2025-06-06 14:19:20 EEST WARNING:  database "postgres" has a collation version mismatch
2025-06-06 14:19:20 EEST DETAIL:  The database was created using collation version 1540.3,1540.3, but the operating system provides version 1541.2,1541.2.
2025-06-06 14:19:20 EEST HINT:  Rebuild all objects in this database that use the default collation and run ALTER DATABASE postgres REFRESH COLLATION VERSION, or build PostgreSQL with the right library version.
2025-06-06 14:19:22 EEST WARNING:  database "DoMusic" has a collation version mismatch
2025-06-06 14:19:22 EEST DETAIL:  The database was created using collation version 1540.3,1540.3, but the operating system provides version 1541.2,1541.2.
2025-06-06 14:19:22 EEST HINT:  Rebuild all objects in this database that use the default collation and run ALTER DATABASE "DoMusic" REFRESH COLLATION VERSION, or build PostgreSQL with the right library version.
2025-06-06 14:19:50 EEST WARNING:  database "DoMusic" has a collation version mismatch
2025-06-06 14:19:50 EEST DETAIL:  The database was created using collation version 1540.3,1540.3, but the operating system provides version 1541.2,1541.2.
2025-06-06 14:19:50 EEST HINT:  Rebuild all objects in this database that use the default collation and run ALTER DATABASE "DoMusic" REFRESH COLLATION VERSION, or build PostgreSQL with the right library version.
2025-06-06 14:20:20 EEST WARNING:  database "postgres" has a collation version mismatch
2025-06-06 14:20:20 EEST DETAIL:  The database was created using collation version 1540.3,1540.3, but the operating system provides version 1541.2,1541.2.
2025-06-06 14:20:20 EEST HINT:  Rebuild all objects in this database that use the default collation and run ALTER DATABASE postgres REFRESH COLLATION VERSION, or build PostgreSQL with the right library version.
2025-06-06 14:20:49 EEST LOG:  checkpoint starting: time
2025-06-06 14:20:49 EEST LOG:  checkpoint complete: wrote 2 buffers (0.0%); 0 WAL file(s) added, 0 removed, 0 recycled; write=0.117 s, sync=0.004 s, total=0.133 s; sync files=2, longest=0.002 s, average=0.002 s; distance=3 kB, estimate=3 kB; lsn=0/1B26020, redo lsn=0/1B25FB0
2025-06-06 14:20:50 EEST WARNING:  database "DoMusic" has a collation version mismatch
2025-06-06 14:20:50 EEST DETAIL:  The database was created using collation version 1540.3,1540.3, but the operating system provides version 1541.2,1541.2.
2025-06-06 14:20:50 EEST HINT:  Rebuild all objects in this database that use the default collation and run ALTER DATABASE "DoMusic" REFRESH COLLATION VERSION, or build PostgreSQL with the right library version.
2025-06-06 14:21:20 EEST WARNING:  database "postgres" has a collation version mismatch
2025-06-06 14:21:20 EEST DETAIL:  The database was created using collation version 1540.3,1540.3, but the operating system provides version 1541.2,1541.2.
2025-06-06 14:21:20 EEST HINT:  Rebuild all objects in this database that use the default collation and run ALTER DATABASE postgres REFRESH COLLATION VERSION, or build PostgreSQL with the right library version.
2025-06-06 14:21:50 EEST WARNING:  database "DoMusic" has a collation version mismatch
2025-06-06 14:21:50 EEST DETAIL:  The database was created using collation version 1540.3,1540.3, but the operating system provides version 1541.2,1541.2.
2025-06-06 14:21:50 EEST HINT:  Rebuild all objects in this database that use the default collation and run ALTER DATABASE "DoMusic" REFRESH COLLATION VERSION, or build PostgreSQL with the right library version.
2025-06-06 14:22:20 EEST WARNING:  database "postgres" has a collation version mismatch
2025-06-06 14:22:20 EEST DETAIL:  The database was created using collation version 1540.3,1540.3, but the operating system provides version 1541.2,1541.2.
2025-06-06 14:22:20 EEST HINT:  Rebuild all objects in this database that use the default collation and run ALTER DATABASE postgres REFRESH COLLATION VERSION, or build PostgreSQL with the right library version.
2025-06-06 14:22:50 EEST WARNING:  database "DoMusic" has a collation version mismatch
2025-06-06 14:22:50 EEST DETAIL:  The database was created using collation version 1540.3,1540.3, but the operating system provides version 1541.2,1541.2.
2025-06-06 14:22:50 EEST HINT:  Rebuild all objects in this database that use the default collation and run ALTER DATABASE "DoMusic" REFRESH COLLATION VERSION, or build PostgreSQL with the right library version.
2025-06-06 14:23:20 EEST WARNING:  database "postgres" has a collation version mismatch
2025-06-06 14:23:20 EEST DETAIL:  The database was created using collation version 1540.3,1540.3, but the operating system provides version 1541.2,1541.2.
2025-06-06 14:23:20 EEST HINT:  Rebuild all objects in this database that use the default collation and run ALTER DATABASE postgres REFRESH COLLATION VERSION, or build PostgreSQL with the right library version.
2025-06-06 14:23:50 EEST WARNING:  database "DoMusic" has a collation version mismatch
2025-06-06 14:23:50 EEST DETAIL:  The database was created using collation version 1540.3,1540.3, but the operating system provides version 1541.2,1541.2.
2025-06-06 14:23:50 EEST HINT:  Rebuild all objects in this database that use the default collation and run ALTER DATABASE "DoMusic" REFRESH COLLATION VERSION, or build PostgreSQL with the right library version.
2025-06-06 14:24:20 EEST WARNING:  database "postgres" has a collation version mismatch
2025-06-06 14:24:20 EEST DETAIL:  The database was created using collation version 1540.3,1540.3, but the operating system provides version 1541.2,1541.2.
2025-06-06 14:24:20 EEST HINT:  Rebuild all objects in this database that use the default collation and run ALTER DATABASE postgres REFRESH COLLATION VERSION, or build PostgreSQL with the right library version.
2025-06-06 14:24:50 EEST WARNING:  database "DoMusic" has a collation version mismatch
2025-06-06 14:24:50 EEST DETAIL:  The database was created using collation version 1540.3,1540.3, but the operating system provides version 1541.2,1541.2.
2025-06-06 14:24:50 EEST HINT:  Rebuild all objects in this database that use the default collation and run ALTER DATABASE "DoMusic" REFRESH COLLATION VERSION, or build PostgreSQL with the right library version.
2025-06-06 14:25:20 EEST WARNING:  database "postgres" has a collation version mismatch
2025-06-06 14:25:20 EEST DETAIL:  The database was created using collation version 1540.3,1540.3, but the operating system provides version 1541.2,1541.2.
2025-06-06 14:25:20 EEST HINT:  Rebuild all objects in this database that use the default collation and run ALTER DATABASE postgres REFRESH COLLATION VERSION, or build PostgreSQL with the right library version.
2025-06-06 14:25:50 EEST WARNING:  database "DoMusic" has a collation version mismatch
2025-06-06 14:25:50 EEST DETAIL:  The database was created using collation version 1540.3,1540.3, but the operating system provides version 1541.2,1541.2.
2025-06-06 14:25:50 EEST HINT:  Rebuild all objects in this database that use the default collation and run ALTER DATABASE "DoMusic" REFRESH COLLATION VERSION, or build PostgreSQL with the right library version.
2025-06-06 14:26:20 EEST WARNING:  database "postgres" has a collation version mismatch
2025-06-06 14:26:20 EEST DETAIL:  The database was created using collation version 1540.3,1540.3, but the operating system provides version 1541.2,1541.2.
2025-06-06 14:26:20 EEST HINT:  Rebuild all objects in this database that use the default collation and run ALTER DATABASE postgres REFRESH COLLATION VERSION, or build PostgreSQL with the right library version.
2025-06-06 14:26:50 EEST WARNING:  database "DoMusic" has a collation version mismatch
2025-06-06 14:26:50 EEST DETAIL:  The database was created using collation version 1540.3,1540.3, but the operating system provides version 1541.2,1541.2.
2025-06-06 14:26:50 EEST HINT:  Rebuild all objects in this database that use the default collation and run ALTER DATABASE "DoMusic" REFRESH COLLATION VERSION, or build PostgreSQL with the right library version.
2025-06-06 14:27:20 EEST WARNING:  database "postgres" has a collation version mismatch
2025-06-06 14:27:20 EEST DETAIL:  The database was created using collation version 1540.3,1540.3, but the operating system provides version 1541.2,1541.2.
2025-06-06 14:27:20 EEST HINT:  Rebuild all objects in this database that use the default collation and run ALTER DATABASE postgres REFRESH COLLATION VERSION, or build PostgreSQL with the right library version.
2025-06-06 14:27:50 EEST WARNING:  database "DoMusic" has a collation version mismatch
2025-06-06 14:27:50 EEST DETAIL:  The database was created using collation version 1540.3,1540.3, but the operating system provides version 1541.2,1541.2.
2025-06-06 14:27:50 EEST HINT:  Rebuild all objects in this database that use the default collation and run ALTER DATABASE "DoMusic" REFRESH COLLATION VERSION, or build PostgreSQL with the right library version.
2025-06-06 14:28:20 EEST WARNING:  database "postgres" has a collation version mismatch
2025-06-06 14:28:20 EEST DETAIL:  The database was created using collation version 1540.3,1540.3, but the operating system provides version 1541.2,1541.2.
2025-06-06 14:28:20 EEST HINT:  Rebuild all objects in this database that use the default collation and run ALTER DATABASE postgres REFRESH COLLATION VERSION, or build PostgreSQL with the right library version.
2025-06-06 14:28:50 EEST WARNING:  database "DoMusic" has a collation version mismatch
2025-06-06 14:28:50 EEST DETAIL:  The database was created using collation version 1540.3,1540.3, but the operating system provides version 1541.2,1541.2.
2025-06-06 14:28:50 EEST HINT:  Rebuild all objects in this database that use the default collation and run ALTER DATABASE "DoMusic" REFRESH COLLATION VERSION, or build PostgreSQL with the right library version.
2025-06-06 14:29:20 EEST WARNING:  database "postgres" has a collation version mismatch
2025-06-06 14:29:20 EEST DETAIL:  The database was created using collation version 1540.3,1540.3, but the operating system provides version 1541.2,1541.2.
2025-06-06 14:29:20 EEST HINT:  Rebuild all objects in this database that use the default collation and run ALTER DATABASE postgres REFRESH COLLATION VERSION, or build PostgreSQL with the right library version.
2025-06-06 14:29:50 EEST WARNING:  database "DoMusic" has a collation version mismatch
2025-06-06 14:29:50 EEST DETAIL:  The database was created using collation version 1540.3,1540.3, but the operating system provides version 1541.2,1541.2.
2025-06-06 14:29:50 EEST HINT:  Rebuild all objects in this database that use the default collation and run ALTER DATABASE "DoMusic" REFRESH COLLATION VERSION, or build PostgreSQL with the right library version.
2025-06-06 14:30:20 EEST WARNING:  database "postgres" has a collation version mismatch
2025-06-06 14:30:20 EEST DETAIL:  The database was created using collation version 1540.3,1540.3, but the operating system provides version 1541.2,1541.2.
2025-06-06 14:30:20 EEST HINT:  Rebuild all objects in this database that use the default collation and run ALTER DATABASE postgres REFRESH COLLATION VERSION, or build PostgreSQL with the right library version.
2025-06-06 14:30:50 EEST WARNING:  database "DoMusic" has a collation version mismatch
2025-06-06 14:30:50 EEST DETAIL:  The database was created using collation version 1540.3,1540.3, but the operating system provides version 1541.2,1541.2.
2025-06-06 14:30:50 EEST HINT:  Rebuild all objects in this database that use the default collation and run ALTER DATABASE "DoMusic" REFRESH COLLATION VERSION, or build PostgreSQL with the right library version.
2025-06-06 14:31:20 EEST WARNING:  database "postgres" has a collation version mismatch
2025-06-06 14:31:20 EEST DETAIL:  The database was created using collation version 1540.3,1540.3, but the operating system provides version 1541.2,1541.2.
2025-06-06 14:31:20 EEST HINT:  Rebuild all objects in this database that use the default collation and run ALTER DATABASE postgres REFRESH COLLATION VERSION, or build PostgreSQL with the right library version.
2025-06-06 14:31:50 EEST WARNING:  database "DoMusic" has a collation version mismatch
2025-06-06 14:31:50 EEST DETAIL:  The database was created using collation version 1540.3,1540.3, but the operating system provides version 1541.2,1541.2.
2025-06-06 14:31:50 EEST HINT:  Rebuild all objects in this database that use the default collation and run ALTER DATABASE "DoMusic" REFRESH COLLATION VERSION, or build PostgreSQL with the right library version.
2025-06-06 14:32:20 EEST WARNING:  database "postgres" has a collation version mismatch
2025-06-06 14:32:20 EEST DETAIL:  The database was created using collation version 1540.3,1540.3, but the operating system provides version 1541.2,1541.2.
2025-06-06 14:32:20 EEST HINT:  Rebuild all objects in this database that use the default collation and run ALTER DATABASE postgres REFRESH COLLATION VERSION, or build PostgreSQL with the right library version.
2025-06-06 14:32:50 EEST WARNING:  database "DoMusic" has a collation version mismatch
2025-06-06 14:32:50 EEST DETAIL:  The database was created using collation version 1540.3,1540.3, but the operating system provides version 1541.2,1541.2.
2025-06-06 14:32:50 EEST HINT:  Rebuild all objects in this database that use the default collation and run ALTER DATABASE "DoMusic" REFRESH COLLATION VERSION, or build PostgreSQL with the right library version.
2025-06-06 14:32:53 EEST WARNING:  database "DoMusic" has a collation version mismatch
2025-06-06 14:32:53 EEST DETAIL:  The database was created using collation version 1540.3,1540.3, but the operating system provides version 1541.2,1541.2.
2025-06-06 14:32:53 EEST HINT:  Rebuild all objects in this database that use the default collation and run ALTER DATABASE "DoMusic" REFRESH COLLATION VERSION, or build PostgreSQL with the right library version.
2025-06-06 14:33:20 EEST WARNING:  database "postgres" has a collation version mismatch
2025-06-06 14:33:20 EEST DETAIL:  The database was created using collation version 1540.3,1540.3, but the operating system provides version 1541.2,1541.2.
2025-06-06 14:33:20 EEST HINT:  Rebuild all objects in this database that use the default collation and run ALTER DATABASE postgres REFRESH COLLATION VERSION, or build PostgreSQL with the right library version.
2025-06-06 14:33:50 EEST WARNING:  database "DoMusic" has a collation version mismatch
2025-06-06 14:33:50 EEST DETAIL:  The database was created using collation version 1540.3,1540.3, but the operating system provides version 1541.2,1541.2.
2025-06-06 14:33:50 EEST HINT:  Rebuild all objects in this database that use the default collation and run ALTER DATABASE "DoMusic" REFRESH COLLATION VERSION, or build PostgreSQL with the right library version.
2025-06-06 14:34:20 EEST WARNING:  database "postgres" has a collation version mismatch
2025-06-06 14:34:20 EEST DETAIL:  The database was created using collation version 1540.3,1540.3, but the operating system provides version 1541.2,1541.2.
2025-06-06 14:34:20 EEST HINT:  Rebuild all objects in this database that use the default collation and run ALTER DATABASE postgres REFRESH COLLATION VERSION, or build PostgreSQL with the right library version.
2025-06-06 14:34:36 EEST WARNING:  database "DoMusic" has a collation version mismatch
2025-06-06 14:34:36 EEST DETAIL:  The database was created using collation version 1540.3,1540.3, but the operating system provides version 1541.2,1541.2.
2025-06-06 14:34:36 EEST HINT:  Rebuild all objects in this database that use the default collation and run ALTER DATABASE "DoMusic" REFRESH COLLATION VERSION, or build PostgreSQL with the right library version.
2025-06-06 14:34:50 EEST WARNING:  database "DoMusic" has a collation version mismatch
2025-06-06 14:34:50 EEST DETAIL:  The database was created using collation version 1540.3,1540.3, but the operating system provides version 1541.2,1541.2.
2025-06-06 14:34:50 EEST HINT:  Rebuild all objects in this database that use the default collation and run ALTER DATABASE "DoMusic" REFRESH COLLATION VERSION, or build PostgreSQL with the right library version.
2025-06-06 14:35:20 EEST WARNING:  database "postgres" has a collation version mismatch
2025-06-06 14:35:20 EEST DETAIL:  The database was created using collation version 1540.3,1540.3, but the operating system provides version 1541.2,1541.2.
2025-06-06 14:35:20 EEST HINT:  Rebuild all objects in this database that use the default collation and run ALTER DATABASE postgres REFRESH COLLATION VERSION, or build PostgreSQL with the right library version.
2025-06-06 14:35:24 EEST WARNING:  database "DoMusic" has a collation version mismatch
2025-06-06 14:35:24 EEST DETAIL:  The database was created using collation version 1540.3,1540.3, but the operating system provides version 1541.2,1541.2.
2025-06-06 14:35:24 EEST HINT:  Rebuild all objects in this database that use the default collation and run ALTER DATABASE "DoMusic" REFRESH COLLATION VERSION, or build PostgreSQL with the right library version.
2025-06-06 14:35:50 EEST WARNING:  database "DoMusic" has a collation version mismatch
2025-06-06 14:35:50 EEST DETAIL:  The database was created using collation version 1540.3,1540.3, but the operating system provides version 1541.2,1541.2.
2025-06-06 14:35:50 EEST HINT:  Rebuild all objects in this database that use the default collation and run ALTER DATABASE "DoMusic" REFRESH COLLATION VERSION, or build PostgreSQL with the right library version.
2025-06-06 14:36:20 EEST WARNING:  database "postgres" has a collation version mismatch
2025-06-06 14:36:20 EEST DETAIL:  The database was created using collation version 1540.3,1540.3, but the operating system provides version 1541.2,1541.2.
2025-06-06 14:36:20 EEST HINT:  Rebuild all objects in this database that use the default collation and run ALTER DATABASE postgres REFRESH COLLATION VERSION, or build PostgreSQL with the right library version.
2025-06-06 14:36:29 EEST WARNING:  database "DoMusic" has a collation version mismatch
2025-06-06 14:36:29 EEST DETAIL:  The database was created using collation version 1540.3,1540.3, but the operating system provides version 1541.2,1541.2.
2025-06-06 14:36:29 EEST HINT:  Rebuild all objects in this database that use the default collation and run ALTER DATABASE "DoMusic" REFRESH COLLATION VERSION, or build PostgreSQL with the right library version.
2025-06-06 14:36:50 EEST WARNING:  database "DoMusic" has a collation version mismatch
2025-06-06 14:36:50 EEST DETAIL:  The database was created using collation version 1540.3,1540.3, but the operating system provides version 1541.2,1541.2.
2025-06-06 14:36:50 EEST HINT:  Rebuild all objects in this database that use the default collation and run ALTER DATABASE "DoMusic" REFRESH COLLATION VERSION, or build PostgreSQL with the right library version.
2025-06-06 14:37:20 EEST WARNING:  database "postgres" has a collation version mismatch
2025-06-06 14:37:20 EEST DETAIL:  The database was created using collation version 1540.3,1540.3, but the operating system provides version 1541.2,1541.2.
2025-06-06 14:37:20 EEST HINT:  Rebuild all objects in this database that use the default collation and run ALTER DATABASE postgres REFRESH COLLATION VERSION, or build PostgreSQL with the right library version.
2025-06-06 14:37:50 EEST WARNING:  database "DoMusic" has a collation version mismatch
2025-06-06 14:37:50 EEST DETAIL:  The database was created using collation version 1540.3,1540.3, but the operating system provides version 1541.2,1541.2.
2025-06-06 14:37:50 EEST HINT:  Rebuild all objects in this database that use the default collation and run ALTER DATABASE "DoMusic" REFRESH COLLATION VERSION, or build PostgreSQL with the right library version.
2025-06-06 14:38:20 EEST WARNING:  database "postgres" has a collation version mismatch
2025-06-06 14:38:20 EEST DETAIL:  The database was created using collation version 1540.3,1540.3, but the operating system provides version 1541.2,1541.2.
2025-06-06 14:38:20 EEST HINT:  Rebuild all objects in this database that use the default collation and run ALTER DATABASE postgres REFRESH COLLATION VERSION, or build PostgreSQL with the right library version.
2025-06-06 14:38:50 EEST WARNING:  database "DoMusic" has a collation version mismatch
2025-06-06 14:38:50 EEST DETAIL:  The database was created using collation version 1540.3,1540.3, but the operating system provides version 1541.2,1541.2.
2025-06-06 14:38:50 EEST HINT:  Rebuild all objects in this database that use the default collation and run ALTER DATABASE "DoMusic" REFRESH COLLATION VERSION, or build PostgreSQL with the right library version.
2025-06-06 14:39:20 EEST WARNING:  database "postgres" has a collation version mismatch
2025-06-06 14:39:20 EEST DETAIL:  The database was created using collation version 1540.3,1540.3, but the operating system provides version 1541.2,1541.2.
2025-06-06 14:39:20 EEST HINT:  Rebuild all objects in this database that use the default collation and run ALTER DATABASE postgres REFRESH COLLATION VERSION, or build PostgreSQL with the right library version.
2025-06-06 14:39:50 EEST WARNING:  database "DoMusic" has a collation version mismatch
2025-06-06 14:39:50 EEST DETAIL:  The database was created using collation version 1540.3,1540.3, but the operating system provides version 1541.2,1541.2.
2025-06-06 14:39:50 EEST HINT:  Rebuild all objects in this database that use the default collation and run ALTER DATABASE "DoMusic" REFRESH COLLATION VERSION, or build PostgreSQL with the right library version.
2025-06-06 14:40:20 EEST WARNING:  database "postgres" has a collation version mismatch
2025-06-06 14:40:20 EEST DETAIL:  The database was created using collation version 1540.3,1540.3, but the operating system provides version 1541.2,1541.2.
2025-06-06 14:40:20 EEST HINT:  Rebuild all objects in this database that use the default collation and run ALTER DATABASE postgres REFRESH COLLATION VERSION, or build PostgreSQL with the right library version.
2025-06-06 14:40:50 EEST WARNING:  database "DoMusic" has a collation version mismatch
2025-06-06 14:40:50 EEST DETAIL:  The database was created using collation version 1540.3,1540.3, but the operating system provides version 1541.2,1541.2.
2025-06-06 14:40:50 EEST HINT:  Rebuild all objects in this database that use the default collation and run ALTER DATABASE "DoMusic" REFRESH COLLATION VERSION, or build PostgreSQL with the right library version.
2025-06-06 14:41:15 EEST WARNING:  database "DoMusic" has a collation version mismatch
2025-06-06 14:41:15 EEST DETAIL:  The database was created using collation version 1540.3,1540.3, but the operating system provides version 1541.2,1541.2.
2025-06-06 14:41:15 EEST HINT:  Rebuild all objects in this database that use the default collation and run ALTER DATABASE "DoMusic" REFRESH COLLATION VERSION, or build PostgreSQL with the right library version.
2025-06-06 14:41:20 EEST WARNING:  database "postgres" has a collation version mismatch
2025-06-06 14:41:20 EEST DETAIL:  The database was created using collation version 1540.3,1540.3, but the operating system provides version 1541.2,1541.2.
2025-06-06 14:41:20 EEST HINT:  Rebuild all objects in this database that use the default collation and run ALTER DATABASE postgres REFRESH COLLATION VERSION, or build PostgreSQL with the right library version.
2025-06-06 14:41:50 EEST WARNING:  database "DoMusic" has a collation version mismatch
2025-06-06 14:41:50 EEST DETAIL:  The database was created using collation version 1540.3,1540.3, but the operating system provides version 1541.2,1541.2.
2025-06-06 14:41:50 EEST HINT:  Rebuild all objects in this database that use the default collation and run ALTER DATABASE "DoMusic" REFRESH COLLATION VERSION, or build PostgreSQL with the right library version.
2025-06-06 14:42:20 EEST WARNING:  database "postgres" has a collation version mismatch
2025-06-06 14:42:20 EEST DETAIL:  The database was created using collation version 1540.3,1540.3, but the operating system provides version 1541.2,1541.2.
2025-06-06 14:42:20 EEST HINT:  Rebuild all objects in this database that use the default collation and run ALTER DATABASE postgres REFRESH COLLATION VERSION, or build PostgreSQL with the right library version.
2025-06-06 14:42:50 EEST WARNING:  database "DoMusic" has a collation version mismatch
2025-06-06 14:42:50 EEST DETAIL:  The database was created using collation version 1540.3,1540.3, but the operating system provides version 1541.2,1541.2.
2025-06-06 14:42:50 EEST HINT:  Rebuild all objects in this database that use the default collation and run ALTER DATABASE "DoMusic" REFRESH COLLATION VERSION, or build PostgreSQL with the right library version.
2025-06-06 14:43:20 EEST WARNING:  database "postgres" has a collation version mismatch
2025-06-06 14:43:20 EEST DETAIL:  The database was created using collation version 1540.3,1540.3, but the operating system provides version 1541.2,1541.2.
2025-06-06 14:43:20 EEST HINT:  Rebuild all objects in this database that use the default collation and run ALTER DATABASE postgres REFRESH COLLATION VERSION, or build PostgreSQL with the right library version.
2025-06-06 14:43:50 EEST WARNING:  database "DoMusic" has a collation version mismatch
2025-06-06 14:43:50 EEST DETAIL:  The database was created using collation version 1540.3,1540.3, but the operating system provides version 1541.2,1541.2.
2025-06-06 14:43:50 EEST HINT:  Rebuild all objects in this database that use the default collation and run ALTER DATABASE "DoMusic" REFRESH COLLATION VERSION, or build PostgreSQL with the right library version.
2025-06-06 14:44:09 EEST WARNING:  database "DoMusic" has a collation version mismatch
2025-06-06 14:44:09 EEST DETAIL:  The database was created using collation version 1540.3,1540.3, but the operating system provides version 1541.2,1541.2.
2025-06-06 14:44:09 EEST HINT:  Rebuild all objects in this database that use the default collation and run ALTER DATABASE "DoMusic" REFRESH COLLATION VERSION, or build PostgreSQL with the right library version.
2025-06-06 14:44:20 EEST WARNING:  database "postgres" has a collation version mismatch
2025-06-06 14:44:20 EEST DETAIL:  The database was created using collation version 1540.3,1540.3, but the operating system provides version 1541.2,1541.2.
2025-06-06 14:44:20 EEST HINT:  Rebuild all objects in this database that use the default collation and run ALTER DATABASE postgres REFRESH COLLATION VERSION, or build PostgreSQL with the right library version.
2025-06-06 14:44:50 EEST WARNING:  database "DoMusic" has a collation version mismatch
2025-06-06 14:44:50 EEST DETAIL:  The database was created using collation version 1540.3,1540.3, but the operating system provides version 1541.2,1541.2.
2025-06-06 14:44:50 EEST HINT:  Rebuild all objects in this database that use the default collation and run ALTER DATABASE "DoMusic" REFRESH COLLATION VERSION, or build PostgreSQL with the right library version.
2025-06-06 14:45:20 EEST WARNING:  database "postgres" has a collation version mismatch
2025-06-06 14:45:20 EEST DETAIL:  The database was created using collation version 1540.3,1540.3, but the operating system provides version 1541.2,1541.2.
2025-06-06 14:45:20 EEST HINT:  Rebuild all objects in this database that use the default collation and run ALTER DATABASE postgres REFRESH COLLATION VERSION, or build PostgreSQL with the right library version.
2025-06-06 14:45:50 EEST WARNING:  database "DoMusic" has a collation version mismatch
2025-06-06 14:45:50 EEST DETAIL:  The database was created using collation version 1540.3,1540.3, but the operating system provides version 1541.2,1541.2.
2025-06-06 14:45:50 EEST HINT:  Rebuild all objects in this database that use the default collation and run ALTER DATABASE "DoMusic" REFRESH COLLATION VERSION, or build PostgreSQL with the right library version.
2025-06-06 14:46:20 EEST WARNING:  database "postgres" has a collation version mismatch
2025-06-06 14:46:20 EEST DETAIL:  The database was created using collation version 1540.3,1540.3, but the operating system provides version 1541.2,1541.2.
2025-06-06 14:46:20 EEST HINT:  Rebuild all objects in this database that use the default collation and run ALTER DATABASE postgres REFRESH COLLATION VERSION, or build PostgreSQL with the right library version.
2025-06-06 14:46:50 EEST WARNING:  database "DoMusic" has a collation version mismatch
2025-06-06 14:46:50 EEST DETAIL:  The database was created using collation version 1540.3,1540.3, but the operating system provides version 1541.2,1541.2.
2025-06-06 14:46:50 EEST HINT:  Rebuild all objects in this database that use the default collation and run ALTER DATABASE "DoMusic" REFRESH COLLATION VERSION, or build PostgreSQL with the right library version.
2025-06-06 14:47:20 EEST WARNING:  database "postgres" has a collation version mismatch
2025-06-06 14:47:20 EEST DETAIL:  The database was created using collation version 1540.3,1540.3, but the operating system provides version 1541.2,1541.2.
2025-06-06 14:47:20 EEST HINT:  Rebuild all objects in this database that use the default collation and run ALTER DATABASE postgres REFRESH COLLATION VERSION, or build PostgreSQL with the right library version.
2025-06-06 14:47:50 EEST WARNING:  database "DoMusic" has a collation version mismatch
2025-06-06 14:47:50 EEST DETAIL:  The database was created using collation version 1540.3,1540.3, but the operating system provides version 1541.2,1541.2.
2025-06-06 14:47:50 EEST HINT:  Rebuild all objects in this database that use the default collation and run ALTER DATABASE "DoMusic" REFRESH COLLATION VERSION, or build PostgreSQL with the right library version.
2025-06-06 14:48:20 EEST WARNING:  database "postgres" has a collation version mismatch
2025-06-06 14:48:20 EEST DETAIL:  The database was created using collation version 1540.3,1540.3, but the operating system provides version 1541.2,1541.2.
2025-06-06 14:48:20 EEST HINT:  Rebuild all objects in this database that use the default collation and run ALTER DATABASE postgres REFRESH COLLATION VERSION, or build PostgreSQL with the right library version.
2025-06-06 14:48:50 EEST WARNING:  database "DoMusic" has a collation version mismatch
2025-06-06 14:48:50 EEST DETAIL:  The database was created using collation version 1540.3,1540.3, but the operating system provides version 1541.2,1541.2.
2025-06-06 14:48:50 EEST HINT:  Rebuild all objects in this database that use the default collation and run ALTER DATABASE "DoMusic" REFRESH COLLATION VERSION, or build PostgreSQL with the right library version.
2025-06-06 14:49:20 EEST WARNING:  database "postgres" has a collation version mismatch
2025-06-06 14:49:20 EEST DETAIL:  The database was created using collation version 1540.3,1540.3, but the operating system provides version 1541.2,1541.2.
2025-06-06 14:49:20 EEST HINT:  Rebuild all objects in this database that use the default collation and run ALTER DATABASE postgres REFRESH COLLATION VERSION, or build PostgreSQL with the right library version.
2025-06-06 14:49:50 EEST WARNING:  database "DoMusic" has a collation version mismatch
2025-06-06 14:49:50 EEST DETAIL:  The database was created using collation version 1540.3,1540.3, but the operating system provides version 1541.2,1541.2.
2025-06-06 14:49:50 EEST HINT:  Rebuild all objects in this database that use the default collation and run ALTER DATABASE "DoMusic" REFRESH COLLATION VERSION, or build PostgreSQL with the right library version.
2025-06-06 14:50:20 EEST WARNING:  database "postgres" has a collation version mismatch
2025-06-06 14:50:20 EEST DETAIL:  The database was created using collation version 1540.3,1540.3, but the operating system provides version 1541.2,1541.2.
2025-06-06 14:50:20 EEST HINT:  Rebuild all objects in this database that use the default collation and run ALTER DATABASE postgres REFRESH COLLATION VERSION, or build PostgreSQL with the right library version.
2025-06-06 14:50:50 EEST WARNING:  database "DoMusic" has a collation version mismatch
2025-06-06 14:50:50 EEST DETAIL:  The database was created using collation version 1540.3,1540.3, but the operating system provides version 1541.2,1541.2.
2025-06-06 14:50:50 EEST HINT:  Rebuild all objects in this database that use the default collation and run ALTER DATABASE "DoMusic" REFRESH COLLATION VERSION, or build PostgreSQL with the right library version.
2025-06-06 14:51:20 EEST WARNING:  database "postgres" has a collation version mismatch
2025-06-06 14:51:20 EEST DETAIL:  The database was created using collation version 1540.3,1540.3, but the operating system provides version 1541.2,1541.2.
2025-06-06 14:51:20 EEST HINT:  Rebuild all objects in this database that use the default collation and run ALTER DATABASE postgres REFRESH COLLATION VERSION, or build PostgreSQL with the right library version.
2025-06-06 14:51:50 EEST WARNING:  database "DoMusic" has a collation version mismatch
2025-06-06 14:51:50 EEST DETAIL:  The database was created using collation version 1540.3,1540.3, but the operating system provides version 1541.2,1541.2.
2025-06-06 14:51:50 EEST HINT:  Rebuild all objects in this database that use the default collation and run ALTER DATABASE "DoMusic" REFRESH COLLATION VERSION, or build PostgreSQL with the right library version.
2025-06-06 14:51:54 EEST WARNING:  database "DoMusic" has a collation version mismatch
2025-06-06 14:51:54 EEST DETAIL:  The database was created using collation version 1540.3,1540.3, but the operating system provides version 1541.2,1541.2.
2025-06-06 14:51:54 EEST HINT:  Rebuild all objects in this database that use the default collation and run ALTER DATABASE "DoMusic" REFRESH COLLATION VERSION, or build PostgreSQL with the right library version.
2025-06-06 14:52:20 EEST WARNING:  database "postgres" has a collation version mismatch
2025-06-06 14:52:20 EEST DETAIL:  The database was created using collation version 1540.3,1540.3, but the operating system provides version 1541.2,1541.2.
2025-06-06 14:52:20 EEST HINT:  Rebuild all objects in this database that use the default collation and run ALTER DATABASE postgres REFRESH COLLATION VERSION, or build PostgreSQL with the right library version.
2025-06-06 14:52:50 EEST WARNING:  database "DoMusic" has a collation version mismatch
2025-06-06 14:52:50 EEST DETAIL:  The database was created using collation version 1540.3,1540.3, but the operating system provides version 1541.2,1541.2.
2025-06-06 14:52:50 EEST HINT:  Rebuild all objects in this database that use the default collation and run ALTER DATABASE "DoMusic" REFRESH COLLATION VERSION, or build PostgreSQL with the right library version.
2025-06-06 14:53:20 EEST WARNING:  database "postgres" has a collation version mismatch
2025-06-06 14:53:20 EEST DETAIL:  The database was created using collation version 1540.3,1540.3, but the operating system provides version 1541.2,1541.2.
2025-06-06 14:53:20 EEST HINT:  Rebuild all objects in this database that use the default collation and run ALTER DATABASE postgres REFRESH COLLATION VERSION, or build PostgreSQL with the right library version.
2025-06-06 14:53:50 EEST WARNING:  database "DoMusic" has a collation version mismatch
2025-06-06 14:53:50 EEST DETAIL:  The database was created using collation version 1540.3,1540.3, but the operating system provides version 1541.2,1541.2.
2025-06-06 14:53:50 EEST HINT:  Rebuild all objects in this database that use the default collation and run ALTER DATABASE "DoMusic" REFRESH COLLATION VERSION, or build PostgreSQL with the right library version.
2025-06-06 14:54:20 EEST WARNING:  database "postgres" has a collation version mismatch
2025-06-06 14:54:20 EEST DETAIL:  The database was created using collation version 1540.3,1540.3, but the operating system provides version 1541.2,1541.2.
2025-06-06 14:54:20 EEST HINT:  Rebuild all objects in this database that use the default collation and run ALTER DATABASE postgres REFRESH COLLATION VERSION, or build PostgreSQL with the right library version.
2025-06-06 14:54:50 EEST WARNING:  database "DoMusic" has a collation version mismatch
2025-06-06 14:54:50 EEST DETAIL:  The database was created using collation version 1540.3,1540.3, but the operating system provides version 1541.2,1541.2.
2025-06-06 14:54:50 EEST HINT:  Rebuild all objects in this database that use the default collation and run ALTER DATABASE "DoMusic" REFRESH COLLATION VERSION, or build PostgreSQL with the right library version.
2025-06-06 14:55:20 EEST WARNING:  database "postgres" has a collation version mismatch
2025-06-06 14:55:20 EEST DETAIL:  The database was created using collation version 1540.3,1540.3, but the operating system provides version 1541.2,1541.2.
2025-06-06 14:55:20 EEST HINT:  Rebuild all objects in this database that use the default collation and run ALTER DATABASE postgres REFRESH COLLATION VERSION, or build PostgreSQL with the right library version.
2025-06-06 14:55:50 EEST WARNING:  database "DoMusic" has a collation version mismatch
2025-06-06 14:55:50 EEST DETAIL:  The database was created using collation version 1540.3,1540.3, but the operating system provides version 1541.2,1541.2.
2025-06-06 14:55:50 EEST HINT:  Rebuild all objects in this database that use the default collation and run ALTER DATABASE "DoMusic" REFRESH COLLATION VERSION, or build PostgreSQL with the right library version.
2025-06-06 14:56:20 EEST WARNING:  database "postgres" has a collation version mismatch
2025-06-06 14:56:20 EEST DETAIL:  The database was created using collation version 1540.3,1540.3, but the operating system provides version 1541.2,1541.2.
2025-06-06 14:56:20 EEST HINT:  Rebuild all objects in this database that use the default collation and run ALTER DATABASE postgres REFRESH COLLATION VERSION, or build PostgreSQL with the right library version.
2025-06-06 14:56:50 EEST WARNING:  database "DoMusic" has a collation version mismatch
2025-06-06 14:56:50 EEST DETAIL:  The database was created using collation version 1540.3,1540.3, but the operating system provides version 1541.2,1541.2.
2025-06-06 14:56:50 EEST HINT:  Rebuild all objects in this database that use the default collation and run ALTER DATABASE "DoMusic" REFRESH COLLATION VERSION, or build PostgreSQL with the right library version.
2025-06-06 14:57:20 EEST WARNING:  database "postgres" has a collation version mismatch
2025-06-06 14:57:20 EEST DETAIL:  The database was created using collation version 1540.3,1540.3, but the operating system provides version 1541.2,1541.2.
2025-06-06 14:57:20 EEST HINT:  Rebuild all objects in this database that use the default collation and run ALTER DATABASE postgres REFRESH COLLATION VERSION, or build PostgreSQL with the right library version.
2025-06-06 14:57:50 EEST WARNING:  database "DoMusic" has a collation version mismatch
2025-06-06 14:57:50 EEST DETAIL:  The database was created using collation version 1540.3,1540.3, but the operating system provides version 1541.2,1541.2.
2025-06-06 14:57:50 EEST HINT:  Rebuild all objects in this database that use the default collation and run ALTER DATABASE "DoMusic" REFRESH COLLATION VERSION, or build PostgreSQL with the right library version.
2025-06-06 14:58:20 EEST WARNING:  database "postgres" has a collation version mismatch
2025-06-06 14:58:20 EEST DETAIL:  The database was created using collation version 1540.3,1540.3, but the operating system provides version 1541.2,1541.2.
2025-06-06 14:58:20 EEST HINT:  Rebuild all objects in this database that use the default collation and run ALTER DATABASE postgres REFRESH COLLATION VERSION, or build PostgreSQL with the right library version.
2025-06-06 14:58:50 EEST WARNING:  database "DoMusic" has a collation version mismatch
2025-06-06 14:58:50 EEST DETAIL:  The database was created using collation version 1540.3,1540.3, but the operating system provides version 1541.2,1541.2.
2025-06-06 14:58:50 EEST HINT:  Rebuild all objects in this database that use the default collation and run ALTER DATABASE "DoMusic" REFRESH COLLATION VERSION, or build PostgreSQL with the right library version.
2025-06-06 14:59:20 EEST WARNING:  database "postgres" has a collation version mismatch
2025-06-06 14:59:20 EEST DETAIL:  The database was created using collation version 1540.3,1540.3, but the operating system provides version 1541.2,1541.2.
2025-06-06 14:59:20 EEST HINT:  Rebuild all objects in this database that use the default collation and run ALTER DATABASE postgres REFRESH COLLATION VERSION, or build PostgreSQL with the right library version.
2025-06-06 14:59:50 EEST WARNING:  database "DoMusic" has a collation version mismatch
2025-06-06 14:59:50 EEST DETAIL:  The database was created using collation version 1540.3,1540.3, but the operating system provides version 1541.2,1541.2.
2025-06-06 14:59:50 EEST HINT:  Rebuild all objects in this database that use the default collation and run ALTER DATABASE "DoMusic" REFRESH COLLATION VERSION, or build PostgreSQL with the right library version.
2025-06-06 15:00:20 EEST WARNING:  database "postgres" has a collation version mismatch
2025-06-06 15:00:20 EEST DETAIL:  The database was created using collation version 1540.3,1540.3, but the operating system provides version 1541.2,1541.2.
2025-06-06 15:00:20 EEST HINT:  Rebuild all objects in this database that use the default collation and run ALTER DATABASE postgres REFRESH COLLATION VERSION, or build PostgreSQL with the right library version.
2025-06-06 15:00:50 EEST WARNING:  database "DoMusic" has a collation version mismatch
2025-06-06 15:00:50 EEST DETAIL:  The database was created using collation version 1540.3,1540.3, but the operating system provides version 1541.2,1541.2.
2025-06-06 15:00:50 EEST HINT:  Rebuild all objects in this database that use the default collation and run ALTER DATABASE "DoMusic" REFRESH COLLATION VERSION, or build PostgreSQL with the right library version.
2025-06-06 15:01:20 EEST WARNING:  database "postgres" has a collation version mismatch
2025-06-06 15:01:20 EEST DETAIL:  The database was created using collation version 1540.3,1540.3, but the operating system provides version 1541.2,1541.2.
2025-06-06 15:01:20 EEST HINT:  Rebuild all objects in this database that use the default collation and run ALTER DATABASE postgres REFRESH COLLATION VERSION, or build PostgreSQL with the right library version.
2025-06-06 15:01:50 EEST WARNING:  database "DoMusic" has a collation version mismatch
2025-06-06 15:01:50 EEST DETAIL:  The database was created using collation version 1540.3,1540.3, but the operating system provides version 1541.2,1541.2.
2025-06-06 15:01:50 EEST HINT:  Rebuild all objects in this database that use the default collation and run ALTER DATABASE "DoMusic" REFRESH COLLATION VERSION, or build PostgreSQL with the right library version.
2025-06-06 15:02:20 EEST WARNING:  database "postgres" has a collation version mismatch
2025-06-06 15:02:20 EEST DETAIL:  The database was created using collation version 1540.3,1540.3, but the operating system provides version 1541.2,1541.2.
2025-06-06 15:02:20 EEST HINT:  Rebuild all objects in this database that use the default collation and run ALTER DATABASE postgres REFRESH COLLATION VERSION, or build PostgreSQL with the right library version.
2025-06-06 15:02:50 EEST WARNING:  database "DoMusic" has a collation version mismatch
2025-06-06 15:02:50 EEST DETAIL:  The database was created using collation version 1540.3,1540.3, but the operating system provides version 1541.2,1541.2.
2025-06-06 15:02:50 EEST HINT:  Rebuild all objects in this database that use the default collation and run ALTER DATABASE "DoMusic" REFRESH COLLATION VERSION, or build PostgreSQL with the right library version.
2025-06-06 15:03:20 EEST WARNING:  database "postgres" has a collation version mismatch
2025-06-06 15:03:20 EEST DETAIL:  The database was created using collation version 1540.3,1540.3, but the operating system provides version 1541.2,1541.2.
2025-06-06 15:03:20 EEST HINT:  Rebuild all objects in this database that use the default collation and run ALTER DATABASE postgres REFRESH COLLATION VERSION, or build PostgreSQL with the right library version.
2025-06-06 15:03:50 EEST WARNING:  database "DoMusic" has a collation version mismatch
2025-06-06 15:03:50 EEST DETAIL:  The database was created using collation version 1540.3,1540.3, but the operating system provides version 1541.2,1541.2.
2025-06-06 15:03:50 EEST HINT:  Rebuild all objects in this database that use the default collation and run ALTER DATABASE "DoMusic" REFRESH COLLATION VERSION, or build PostgreSQL with the right library version.
2025-06-06 15:04:20 EEST WARNING:  database "postgres" has a collation version mismatch
2025-06-06 15:04:20 EEST DETAIL:  The database was created using collation version 1540.3,1540.3, but the operating system provides version 1541.2,1541.2.
2025-06-06 15:04:20 EEST HINT:  Rebuild all objects in this database that use the default collation and run ALTER DATABASE postgres REFRESH COLLATION VERSION, or build PostgreSQL with the right library version.
2025-06-06 15:04:50 EEST WARNING:  database "DoMusic" has a collation version mismatch
2025-06-06 15:04:50 EEST DETAIL:  The database was created using collation version 1540.3,1540.3, but the operating system provides version 1541.2,1541.2.
2025-06-06 15:04:50 EEST HINT:  Rebuild all objects in this database that use the default collation and run ALTER DATABASE "DoMusic" REFRESH COLLATION VERSION, or build PostgreSQL with the right library version.
2025-06-06 15:05:20 EEST WARNING:  database "postgres" has a collation version mismatch
2025-06-06 15:05:20 EEST DETAIL:  The database was created using collation version 1540.3,1540.3, but the operating system provides version 1541.2,1541.2.
2025-06-06 15:05:20 EEST HINT:  Rebuild all objects in this database that use the default collation and run ALTER DATABASE postgres REFRESH COLLATION VERSION, or build PostgreSQL with the right library version.
2025-06-06 15:05:50 EEST WARNING:  database "DoMusic" has a collation version mismatch
2025-06-06 15:05:50 EEST DETAIL:  The database was created using collation version 1540.3,1540.3, but the operating system provides version 1541.2,1541.2.
2025-06-06 15:05:50 EEST HINT:  Rebuild all objects in this database that use the default collation and run ALTER DATABASE "DoMusic" REFRESH COLLATION VERSION, or build PostgreSQL with the right library version.
2025-06-06 15:06:20 EEST WARNING:  database "postgres" has a collation version mismatch
2025-06-06 15:06:20 EEST DETAIL:  The database was created using collation version 1540.3,1540.3, but the operating system provides version 1541.2,1541.2.
2025-06-06 15:06:20 EEST HINT:  Rebuild all objects in this database that use the default collation and run ALTER DATABASE postgres REFRESH COLLATION VERSION, or build PostgreSQL with the right library version.
2025-06-06 15:06:50 EEST WARNING:  database "DoMusic" has a collation version mismatch
2025-06-06 15:06:50 EEST DETAIL:  The database was created using collation version 1540.3,1540.3, but the operating system provides version 1541.2,1541.2.
2025-06-06 15:06:50 EEST HINT:  Rebuild all objects in this database that use the default collation and run ALTER DATABASE "DoMusic" REFRESH COLLATION VERSION, or build PostgreSQL with the right library version.
2025-06-06 15:07:20 EEST WARNING:  database "postgres" has a collation version mismatch
2025-06-06 15:07:20 EEST DETAIL:  The database was created using collation version 1540.3,1540.3, but the operating system provides version 1541.2,1541.2.
2025-06-06 15:07:20 EEST HINT:  Rebuild all objects in this database that use the default collation and run ALTER DATABASE postgres REFRESH COLLATION VERSION, or build PostgreSQL with the right library version.
2025-06-06 15:07:50 EEST WARNING:  database "DoMusic" has a collation version mismatch
2025-06-06 15:07:50 EEST DETAIL:  The database was created using collation version 1540.3,1540.3, but the operating system provides version 1541.2,1541.2.
2025-06-06 15:07:50 EEST HINT:  Rebuild all objects in this database that use the default collation and run ALTER DATABASE "DoMusic" REFRESH COLLATION VERSION, or build PostgreSQL with the right library version.
2025-06-06 15:08:20 EEST WARNING:  database "postgres" has a collation version mismatch
2025-06-06 15:08:20 EEST DETAIL:  The database was created using collation version 1540.3,1540.3, but the operating system provides version 1541.2,1541.2.
2025-06-06 15:08:20 EEST HINT:  Rebuild all objects in this database that use the default collation and run ALTER DATABASE postgres REFRESH COLLATION VERSION, or build PostgreSQL with the right library version.
2025-06-06 15:08:50 EEST WARNING:  database "DoMusic" has a collation version mismatch
2025-06-06 15:08:50 EEST DETAIL:  The database was created using collation version 1540.3,1540.3, but the operating system provides version 1541.2,1541.2.
2025-06-06 15:08:50 EEST HINT:  Rebuild all objects in this database that use the default collation and run ALTER DATABASE "DoMusic" REFRESH COLLATION VERSION, or build PostgreSQL with the right library version.
2025-06-06 15:09:20 EEST WARNING:  database "postgres" has a collation version mismatch
2025-06-06 15:09:20 EEST DETAIL:  The database was created using collation version 1540.3,1540.3, but the operating system provides version 1541.2,1541.2.
2025-06-06 15:09:20 EEST HINT:  Rebuild all objects in this database that use the default collation and run ALTER DATABASE postgres REFRESH COLLATION VERSION, or build PostgreSQL with the right library version.
2025-06-06 15:09:50 EEST WARNING:  database "DoMusic" has a collation version mismatch
2025-06-06 15:09:50 EEST DETAIL:  The database was created using collation version 1540.3,1540.3, but the operating system provides version 1541.2,1541.2.
2025-06-06 15:09:50 EEST HINT:  Rebuild all objects in this database that use the default collation and run ALTER DATABASE "DoMusic" REFRESH COLLATION VERSION, or build PostgreSQL with the right library version.
2025-06-06 15:10:20 EEST WARNING:  database "postgres" has a collation version mismatch
2025-06-06 15:10:20 EEST DETAIL:  The database was created using collation version 1540.3,1540.3, but the operating system provides version 1541.2,1541.2.
2025-06-06 15:10:20 EEST HINT:  Rebuild all objects in this database that use the default collation and run ALTER DATABASE postgres REFRESH COLLATION VERSION, or build PostgreSQL with the right library version.
2025-06-06 15:10:50 EEST WARNING:  database "DoMusic" has a collation version mismatch
2025-06-06 15:10:50 EEST DETAIL:  The database was created using collation version 1540.3,1540.3, but the operating system provides version 1541.2,1541.2.
2025-06-06 15:10:50 EEST HINT:  Rebuild all objects in this database that use the default collation and run ALTER DATABASE "DoMusic" REFRESH COLLATION VERSION, or build PostgreSQL with the right library version.
2025-06-06 15:11:20 EEST WARNING:  database "postgres" has a collation version mismatch
2025-06-06 15:11:20 EEST DETAIL:  The database was created using collation version 1540.3,1540.3, but the operating system provides version 1541.2,1541.2.
2025-06-06 15:11:20 EEST HINT:  Rebuild all objects in this database that use the default collation and run ALTER DATABASE postgres REFRESH COLLATION VERSION, or build PostgreSQL with the right library version.
2025-06-06 15:11:50 EEST WARNING:  database "DoMusic" has a collation version mismatch
2025-06-06 15:11:50 EEST DETAIL:  The database was created using collation version 1540.3,1540.3, but the operating system provides version 1541.2,1541.2.
2025-06-06 15:11:50 EEST HINT:  Rebuild all objects in this database that use the default collation and run ALTER DATABASE "DoMusic" REFRESH COLLATION VERSION, or build PostgreSQL with the right library version.
2025-06-06 15:12:20 EEST WARNING:  database "postgres" has a collation version mismatch
2025-06-06 15:12:20 EEST DETAIL:  The database was created using collation version 1540.3,1540.3, but the operating system provides version 1541.2,1541.2.
2025-06-06 15:12:20 EEST HINT:  Rebuild all objects in this database that use the default collation and run ALTER DATABASE postgres REFRESH COLLATION VERSION, or build PostgreSQL with the right library version.
2025-06-06 15:12:50 EEST WARNING:  database "DoMusic" has a collation version mismatch
2025-06-06 15:12:50 EEST DETAIL:  The database was created using collation version 1540.3,1540.3, but the operating system provides version 1541.2,1541.2.
2025-06-06 15:12:50 EEST HINT:  Rebuild all objects in this database that use the default collation and run ALTER DATABASE "DoMusic" REFRESH COLLATION VERSION, or build PostgreSQL with the right library version.
2025-06-06 15:13:20 EEST WARNING:  database "postgres" has a collation version mismatch
2025-06-06 15:13:20 EEST DETAIL:  The database was created using collation version 1540.3,1540.3, but the operating system provides version 1541.2,1541.2.
2025-06-06 15:13:20 EEST HINT:  Rebuild all objects in this database that use the default collation and run ALTER DATABASE postgres REFRESH COLLATION VERSION, or build PostgreSQL with the right library version.
2025-06-06 15:13:50 EEST WARNING:  database "DoMusic" has a collation version mismatch
2025-06-06 15:13:50 EEST DETAIL:  The database was created using collation version 1540.3,1540.3, but the operating system provides version 1541.2,1541.2.
2025-06-06 15:13:50 EEST HINT:  Rebuild all objects in this database that use the default collation and run ALTER DATABASE "DoMusic" REFRESH COLLATION VERSION, or build PostgreSQL with the right library version.
2025-06-06 15:13:54 EEST WARNING:  database "DoMusic" has a collation version mismatch
2025-06-06 15:13:54 EEST DETAIL:  The database was created using collation version 1540.3,1540.3, but the operating system provides version 1541.2,1541.2.
2025-06-06 15:13:54 EEST HINT:  Rebuild all objects in this database that use the default collation and run ALTER DATABASE "DoMusic" REFRESH COLLATION VERSION, or build PostgreSQL with the right library version.
2025-06-06 15:14:20 EEST WARNING:  database "postgres" has a collation version mismatch
2025-06-06 15:14:20 EEST DETAIL:  The database was created using collation version 1540.3,1540.3, but the operating system provides version 1541.2,1541.2.
2025-06-06 15:14:20 EEST HINT:  Rebuild all objects in this database that use the default collation and run ALTER DATABASE postgres REFRESH COLLATION VERSION, or build PostgreSQL with the right library version.
2025-06-06 15:14:50 EEST WARNING:  database "DoMusic" has a collation version mismatch
2025-06-06 15:14:50 EEST DETAIL:  The database was created using collation version 1540.3,1540.3, but the operating system provides version 1541.2,1541.2.
2025-06-06 15:14:50 EEST HINT:  Rebuild all objects in this database that use the default collation and run ALTER DATABASE "DoMusic" REFRESH COLLATION VERSION, or build PostgreSQL with the right library version.
2025-06-06 15:15:20 EEST WARNING:  database "postgres" has a collation version mismatch
2025-06-06 15:15:20 EEST DETAIL:  The database was created using collation version 1540.3,1540.3, but the operating system provides version 1541.2,1541.2.
2025-06-06 15:15:20 EEST HINT:  Rebuild all objects in this database that use the default collation and run ALTER DATABASE postgres REFRESH COLLATION VERSION, or build PostgreSQL with the right library version.
2025-06-06 15:15:50 EEST WARNING:  database "DoMusic" has a collation version mismatch
2025-06-06 15:15:50 EEST DETAIL:  The database was created using collation version 1540.3,1540.3, but the operating system provides version 1541.2,1541.2.
2025-06-06 15:15:50 EEST HINT:  Rebuild all objects in this database that use the default collation and run ALTER DATABASE "DoMusic" REFRESH COLLATION VERSION, or build PostgreSQL with the right library version.
2025-06-06 15:16:20 EEST WARNING:  database "postgres" has a collation version mismatch
2025-06-06 15:16:20 EEST DETAIL:  The database was created using collation version 1540.3,1540.3, but the operating system provides version 1541.2,1541.2.
2025-06-06 15:16:20 EEST HINT:  Rebuild all objects in this database that use the default collation and run ALTER DATABASE postgres REFRESH COLLATION VERSION, or build PostgreSQL with the right library version.
2025-06-06 15:16:50 EEST WARNING:  database "DoMusic" has a collation version mismatch
2025-06-06 15:16:50 EEST DETAIL:  The database was created using collation version 1540.3,1540.3, but the operating system provides version 1541.2,1541.2.
2025-06-06 15:16:50 EEST HINT:  Rebuild all objects in this database that use the default collation and run ALTER DATABASE "DoMusic" REFRESH COLLATION VERSION, or build PostgreSQL with the right library version.
2025-06-06 15:17:20 EEST WARNING:  database "postgres" has a collation version mismatch
2025-06-06 15:17:20 EEST DETAIL:  The database was created using collation version 1540.3,1540.3, but the operating system provides version 1541.2,1541.2.
2025-06-06 15:17:20 EEST HINT:  Rebuild all objects in this database that use the default collation and run ALTER DATABASE postgres REFRESH COLLATION VERSION, or build PostgreSQL with the right library version.
2025-06-06 15:17:50 EEST WARNING:  database "DoMusic" has a collation version mismatch
2025-06-06 15:17:50 EEST DETAIL:  The database was created using collation version 1540.3,1540.3, but the operating system provides version 1541.2,1541.2.
2025-06-06 15:17:50 EEST HINT:  Rebuild all objects in this database that use the default collation and run ALTER DATABASE "DoMusic" REFRESH COLLATION VERSION, or build PostgreSQL with the right library version.
2025-06-06 15:17:58 EEST WARNING:  database "DoMusic" has a collation version mismatch
2025-06-06 15:17:58 EEST DETAIL:  The database was created using collation version 1540.3,1540.3, but the operating system provides version 1541.2,1541.2.
2025-06-06 15:17:58 EEST HINT:  Rebuild all objects in this database that use the default collation and run ALTER DATABASE "DoMusic" REFRESH COLLATION VERSION, or build PostgreSQL with the right library version.
2025-06-06 15:17:59 EEST LOG:  could not receive data from client: An existing connection was forcibly closed by the remote host.
	
2025-06-06 15:18:03 EEST LOG:  could not receive data from client: An existing connection was forcibly closed by the remote host.
	
2025-06-06 15:18:03 EEST LOG:  could not receive data from client: An existing connection was forcibly closed by the remote host.
	
2025-06-06 15:18:03 EEST LOG:  could not receive data from client: An existing connection was forcibly closed by the remote host.
	
2025-06-06 15:18:03 EEST LOG:  could not receive data from client: An existing connection was forcibly closed by the remote host.
	
2025-06-06 15:18:03 EEST LOG:  could not receive data from client: An existing connection was forcibly closed by the remote host.
	
2025-06-06 15:18:03 EEST LOG:  could not receive data from client: An existing connection was forcibly closed by the remote host.
	
2025-06-06 15:18:03 EEST LOG:  could not receive data from client: An existing connection was forcibly closed by the remote host.
	
2025-06-06 15:18:08 EEST ERROR:  canceling statement due to user request
2025-06-06 15:18:08 EEST LOG:  shutting down
2025-06-06 15:18:08 EEST LOG:  checkpoint starting: shutdown immediate
2025-06-06 15:18:08 EEST LOG:  checkpoint complete: wrote 2 buffers (0.0%); 0 WAL file(s) added, 0 removed, 0 recycled; write=0.002 s, sync=0.003 s, total=0.016 s; sync files=2, longest=0.002 s, average=0.002 s; distance=4 kB, estimate=4 kB; lsn=0/1B271E8, redo lsn=0/1B271E8
